{"C:\\Users\\owner\\WayFarer-API\\server\\app.js":{"path":"C:\\Users\\owner\\WayFarer-API\\server\\app.js","statementMap":{"0":{"start":{"line":3,"column":0},"end":{"line":5,"column":3}},"1":{"start":{"line":6,"column":0},"end":{"line":6,"column":28}},"2":{"start":{"line":8,"column":0},"end":{"line":8,"column":27}},"3":{"start":{"line":10,"column":14},"end":{"line":10,"column":55}},"4":{"start":{"line":12,"column":15},"end":{"line":12,"column":57}},"5":{"start":{"line":14,"column":12},"end":{"line":14,"column":51}},"6":{"start":{"line":16,"column":14},"end":{"line":16,"column":55}},"7":{"start":{"line":18,"column":20},"end":{"line":18,"column":68}},"8":{"start":{"line":20,"column":18},"end":{"line":20,"column":64}},"9":{"start":{"line":22,"column":13},"end":{"line":22,"column":53}},"10":{"start":{"line":24,"column":13},"end":{"line":24,"column":62}},"11":{"start":{"line":26,"column":15},"end":{"line":26,"column":71}},"12":{"start":{"line":28,"column":39},"end":{"line":28,"column":95}},"13":{"start":{"line":30,"column":0},"end":{"line":30,"column":28}},"14":{"start":{"line":32,"column":12},"end":{"line":32,"column":46}},"15":{"start":{"line":33,"column":10},"end":{"line":33,"column":36}},"16":{"start":{"line":34,"column":0},"end":{"line":34,"column":40}},"17":{"start":{"line":35,"column":0},"end":{"line":35,"column":39}},"18":{"start":{"line":36,"column":0},"end":{"line":38,"column":4}},"19":{"start":{"line":39,"column":0},"end":{"line":39,"column":41}},"20":{"start":{"line":40,"column":0},"end":{"line":40,"column":38}},"21":{"start":{"line":41,"column":0},"end":{"line":46,"column":3}},"22":{"start":{"line":42,"column":2},"end":{"line":45,"column":5}},"23":{"start":{"line":48,"column":0},"end":{"line":52,"column":3}},"24":{"start":{"line":49,"column":12},"end":{"line":49,"column":34}},"25":{"start":{"line":50,"column":2},"end":{"line":50,"column":19}},"26":{"start":{"line":51,"column":2},"end":{"line":51,"column":12}},"27":{"start":{"line":55,"column":0},"end":{"line":64,"column":3}},"28":{"start":{"line":56,"column":2},"end":{"line":63,"column":3}},"29":{"start":{"line":57,"column":4},"end":{"line":60,"column":7}},"30":{"start":{"line":62,"column":4},"end":{"line":62,"column":14}},"31":{"start":{"line":67,"column":0},"end":{"line":75,"column":1}},"32":{"start":{"line":68,"column":2},"end":{"line":74,"column":5}},"33":{"start":{"line":69,"column":4},"end":{"line":69,"column":34}},"34":{"start":{"line":70,"column":4},"end":{"line":73,"column":7}},"35":{"start":{"line":79,"column":0},"end":{"line":85,"column":3}},"36":{"start":{"line":80,"column":2},"end":{"line":80,"column":32}},"37":{"start":{"line":81,"column":2},"end":{"line":84,"column":5}},"38":{"start":{"line":87,"column":0},"end":{"line":87,"column":42}},"39":{"start":{"line":88,"column":13},"end":{"line":91,"column":2}},"40":{"start":{"line":89,"column":2},"end":{"line":89,"column":69}},"41":{"start":{"line":90,"column":2},"end":{"line":90,"column":60}},"42":{"start":{"line":92,"column":15},"end":{"line":92,"column":18}},"43":{"start":{"line":93,"column":0},"end":{"line":93,"column":30}}},"fnMap":{"0":{"name":"_interopRequireDefault","decl":{"start":{"line":28,"column":9},"end":{"line":28,"column":31}},"loc":{"start":{"line":28,"column":37},"end":{"line":28,"column":97}},"line":28},"1":{"name":"(anonymous_1)","decl":{"start":{"line":41,"column":8},"end":{"line":41,"column":9}},"loc":{"start":{"line":41,"column":28},"end":{"line":46,"column":1}},"line":41},"2":{"name":"(anonymous_2)","decl":{"start":{"line":48,"column":8},"end":{"line":48,"column":9}},"loc":{"start":{"line":48,"column":34},"end":{"line":52,"column":1}},"line":48},"3":{"name":"(anonymous_3)","decl":{"start":{"line":55,"column":8},"end":{"line":55,"column":9}},"loc":{"start":{"line":55,"column":39},"end":{"line":64,"column":1}},"line":55},"4":{"name":"(anonymous_4)","decl":{"start":{"line":68,"column":10},"end":{"line":68,"column":11}},"loc":{"start":{"line":68,"column":35},"end":{"line":74,"column":3}},"line":68},"5":{"name":"(anonymous_5)","decl":{"start":{"line":79,"column":8},"end":{"line":79,"column":9}},"loc":{"start":{"line":79,"column":33},"end":{"line":85,"column":1}},"line":79},"6":{"name":"(anonymous_6)","decl":{"start":{"line":88,"column":41},"end":{"line":88,"column":42}},"loc":{"start":{"line":88,"column":53},"end":{"line":91,"column":1}},"line":88}},"branchMap":{"0":{"loc":{"start":{"line":28,"column":46},"end":{"line":28,"column":94}},"type":"cond-expr","locations":[{"start":{"line":28,"column":70},"end":{"line":28,"column":73}},{"start":{"line":28,"column":76},"end":{"line":28,"column":94}}],"line":28},"1":{"loc":{"start":{"line":28,"column":46},"end":{"line":28,"column":67}},"type":"binary-expr","locations":[{"start":{"line":28,"column":46},"end":{"line":28,"column":49}},{"start":{"line":28,"column":53},"end":{"line":28,"column":67}}],"line":28},"2":{"loc":{"start":{"line":56,"column":2},"end":{"line":63,"column":3}},"type":"if","locations":[{"start":{"line":56,"column":2},"end":{"line":63,"column":3}},{"start":{"line":56,"column":2},"end":{"line":63,"column":3}}],"line":56},"3":{"loc":{"start":{"line":67,"column":0},"end":{"line":75,"column":1}},"type":"if","locations":[{"start":{"line":67,"column":0},"end":{"line":75,"column":1}},{"start":{"line":67,"column":0},"end":{"line":75,"column":1}}],"line":67},"4":{"loc":{"start":{"line":69,"column":15},"end":{"line":69,"column":32}},"type":"binary-expr","locations":[{"start":{"line":69,"column":15},"end":{"line":69,"column":25}},{"start":{"line":69,"column":29},"end":{"line":69,"column":32}}],"line":69},"5":{"loc":{"start":{"line":80,"column":13},"end":{"line":80,"column":30}},"type":"binary-expr","locations":[{"start":{"line":80,"column":13},"end":{"line":80,"column":23}},{"start":{"line":80,"column":27},"end":{"line":80,"column":30}}],"line":80},"6":{"loc":{"start":{"line":87,"column":16},"end":{"line":87,"column":40}},"type":"binary-expr","locations":[{"start":{"line":87,"column":16},"end":{"line":87,"column":32}},{"start":{"line":87,"column":36},"end":{"line":87,"column":40}}],"line":87}},"s":{"0":1,"1":1,"2":1,"3":1,"4":1,"5":1,"6":1,"7":1,"8":1,"9":1,"10":1,"11":1,"12":9,"13":1,"14":1,"15":1,"16":1,"17":1,"18":1,"19":1,"20":1,"21":1,"22":0,"23":1,"24":0,"25":0,"26":0,"27":1,"28":0,"29":0,"30":0,"31":1,"32":1,"33":0,"34":0,"35":1,"36":0,"37":0,"38":1,"39":1,"40":1,"41":1,"42":1,"43":1},"f":{"0":9,"1":0,"2":0,"3":0,"4":0,"5":0,"6":1},"b":{"0":[2,7],"1":[9,9],"2":[0,0],"3":[1,0],"4":[0,0],"5":[0,0],"6":[1,1]},"_coverageSchema":"43e27e138ebf9cfc5966b082cf9a028302ed4184","hash":"e66f3759c4d4d6fc8fca4ed7a3fb7da8d30557f0","contentHash":"febd1e85f051519e97f4dc9dfd4ca5143aaa30414f08088f31c57cf4eec3b9a6"},"C:\\Users\\owner\\WayFarer-API\\server\\routes\\index.js":{"path":"C:\\Users\\owner\\WayFarer-API\\server\\routes\\index.js","statementMap":{"0":{"start":{"line":3,"column":0},"end":{"line":5,"column":3}},"1":{"start":{"line":6,"column":0},"end":{"line":6,"column":28}},"2":{"start":{"line":8,"column":0},"end":{"line":8,"column":27}},"3":{"start":{"line":10,"column":15},"end":{"line":10,"column":57}},"4":{"start":{"line":12,"column":15},"end":{"line":12,"column":80}},"5":{"start":{"line":14,"column":16},"end":{"line":14,"column":72}},"6":{"start":{"line":16,"column":19},"end":{"line":16,"column":78}},"7":{"start":{"line":18,"column":15},"end":{"line":18,"column":70}},"8":{"start":{"line":20,"column":18},"end":{"line":20,"column":78}},"9":{"start":{"line":22,"column":24},"end":{"line":22,"column":52}},"10":{"start":{"line":24,"column":40},"end":{"line":24,"column":473}},"11":{"start":{"line":24,"column":69},"end":{"line":24,"column":80}},"12":{"start":{"line":24,"column":103},"end":{"line":24,"column":105}},"13":{"start":{"line":24,"column":107},"end":{"line":24,"column":431}},"14":{"start":{"line":24,"column":126},"end":{"line":24,"column":429}},"15":{"start":{"line":24,"column":149},"end":{"line":24,"column":427}},"16":{"start":{"line":24,"column":214},"end":{"line":24,"column":319}},"17":{"start":{"line":24,"column":321},"end":{"line":24,"column":425}},"18":{"start":{"line":24,"column":349},"end":{"line":24,"column":390}},"19":{"start":{"line":24,"column":400},"end":{"line":24,"column":423}},"20":{"start":{"line":24,"column":432},"end":{"line":24,"column":456}},"21":{"start":{"line":24,"column":457},"end":{"line":24,"column":471}},"22":{"start":{"line":26,"column":39},"end":{"line":26,"column":95}},"23":{"start":{"line":28,"column":13},"end":{"line":28,"column":41}},"24":{"start":{"line":31,"column":0},"end":{"line":31,"column":36}},"25":{"start":{"line":33,"column":19},"end":{"line":35,"column":19}},"26":{"start":{"line":36,"column":0},"end":{"line":36,"column":59}},"27":{"start":{"line":38,"column":19},"end":{"line":40,"column":19}},"28":{"start":{"line":41,"column":0},"end":{"line":41,"column":59}},"29":{"start":{"line":43,"column":25},"end":{"line":43,"column":311}},"30":{"start":{"line":44,"column":0},"end":{"line":44,"column":88}},"31":{"start":{"line":45,"column":0},"end":{"line":45,"column":69}},"32":{"start":{"line":46,"column":0},"end":{"line":46,"column":77}},"33":{"start":{"line":48,"column":27},"end":{"line":48,"column":84}},"34":{"start":{"line":49,"column":0},"end":{"line":49,"column":99}},"35":{"start":{"line":50,"column":0},"end":{"line":50,"column":75}},"36":{"start":{"line":51,"column":0},"end":{"line":51,"column":93}},"37":{"start":{"line":52,"column":22},"end":{"line":52,"column":83}},"38":{"start":{"line":53,"column":0},"end":{"line":53,"column":103}},"39":{"start":{"line":54,"column":15},"end":{"line":54,"column":21}},"40":{"start":{"line":55,"column":0},"end":{"line":55,"column":30}}},"fnMap":{"0":{"name":"_interopRequireWildcard","decl":{"start":{"line":24,"column":9},"end":{"line":24,"column":32}},"loc":{"start":{"line":24,"column":38},"end":{"line":24,"column":475}},"line":24},"1":{"name":"_interopRequireDefault","decl":{"start":{"line":26,"column":9},"end":{"line":26,"column":31}},"loc":{"start":{"line":26,"column":37},"end":{"line":26,"column":97}},"line":26}},"branchMap":{"0":{"loc":{"start":{"line":24,"column":40},"end":{"line":24,"column":473}},"type":"if","locations":[{"start":{"line":24,"column":40},"end":{"line":24,"column":473}},{"start":{"line":24,"column":40},"end":{"line":24,"column":473}}],"line":24},"1":{"loc":{"start":{"line":24,"column":44},"end":{"line":24,"column":65}},"type":"binary-expr","locations":[{"start":{"line":24,"column":44},"end":{"line":24,"column":47}},{"start":{"line":24,"column":51},"end":{"line":24,"column":65}}],"line":24},"2":{"loc":{"start":{"line":24,"column":107},"end":{"line":24,"column":431}},"type":"if","locations":[{"start":{"line":24,"column":107},"end":{"line":24,"column":431}},{"start":{"line":24,"column":107},"end":{"line":24,"column":431}}],"line":24},"3":{"loc":{"start":{"line":24,"column":149},"end":{"line":24,"column":427}},"type":"if","locations":[{"start":{"line":24,"column":149},"end":{"line":24,"column":427}},{"start":{"line":24,"column":149},"end":{"line":24,"column":427}}],"line":24},"4":{"loc":{"start":{"line":24,"column":214},"end":{"line":24,"column":319}},"type":"cond-expr","locations":[{"start":{"line":24,"column":273},"end":{"line":24,"column":314}},{"start":{"line":24,"column":317},"end":{"line":24,"column":319}}],"line":24},"5":{"loc":{"start":{"line":24,"column":214},"end":{"line":24,"column":270}},"type":"binary-expr","locations":[{"start":{"line":24,"column":214},"end":{"line":24,"column":235}},{"start":{"line":24,"column":239},"end":{"line":24,"column":270}}],"line":24},"6":{"loc":{"start":{"line":24,"column":321},"end":{"line":24,"column":425}},"type":"if","locations":[{"start":{"line":24,"column":321},"end":{"line":24,"column":425}},{"start":{"line":24,"column":321},"end":{"line":24,"column":425}}],"line":24},"7":{"loc":{"start":{"line":24,"column":325},"end":{"line":24,"column":345}},"type":"binary-expr","locations":[{"start":{"line":24,"column":325},"end":{"line":24,"column":333}},{"start":{"line":24,"column":337},"end":{"line":24,"column":345}}],"line":24},"8":{"loc":{"start":{"line":26,"column":46},"end":{"line":26,"column":94}},"type":"cond-expr","locations":[{"start":{"line":26,"column":70},"end":{"line":26,"column":73}},{"start":{"line":26,"column":76},"end":{"line":26,"column":94}}],"line":26},"9":{"loc":{"start":{"line":26,"column":46},"end":{"line":26,"column":67}},"type":"binary-expr","locations":[{"start":{"line":26,"column":46},"end":{"line":26,"column":49}},{"start":{"line":26,"column":53},"end":{"line":26,"column":67}}],"line":26}},"s":{"0":1,"1":1,"2":1,"3":1,"4":1,"5":1,"6":1,"7":1,"8":1,"9":1,"10":4,"11":4,"12":0,"13":0,"14":0,"15":0,"16":0,"17":0,"18":0,"19":0,"20":0,"21":0,"22":2,"23":1,"24":1,"25":1,"26":1,"27":1,"28":1,"29":1,"30":1,"31":1,"32":1,"33":1,"34":1,"35":1,"36":1,"37":1,"38":1,"39":1,"40":1},"f":{"0":4,"1":2},"b":{"0":[4,0],"1":[4,4],"2":[0,0],"3":[0,0],"4":[0,0],"5":[0,0],"6":[0,0],"7":[0,0],"8":[1,1],"9":[2,2]},"_coverageSchema":"43e27e138ebf9cfc5966b082cf9a028302ed4184","hash":"e3a3815227aaf44dd7842de455484eebcab3ef7e","contentHash":"401bd473c6bbd2887cbfb5f1efa7522247d6c91840c9767f7bb75b24230837ae"},"C:\\Users\\owner\\WayFarer-API\\server\\controllers\\authentication.js":{"path":"C:\\Users\\owner\\WayFarer-API\\server\\controllers\\authentication.js","statementMap":{"0":{"start":{"line":3,"column":0},"end":{"line":5,"column":3}},"1":{"start":{"line":6,"column":0},"end":{"line":6,"column":41}},"2":{"start":{"line":8,"column":0},"end":{"line":8,"column":27}},"3":{"start":{"line":10,"column":20},"end":{"line":10,"column":67}},"4":{"start":{"line":12,"column":14},"end":{"line":12,"column":55}},"5":{"start":{"line":14,"column":15},"end":{"line":14,"column":59}},"6":{"start":{"line":16,"column":13},"end":{"line":16,"column":63}},"7":{"start":{"line":18,"column":39},"end":{"line":18,"column":95}},"8":{"start":{"line":20,"column":77},"end":{"line":20,"column":175}},"9":{"start":{"line":20,"column":94},"end":{"line":20,"column":107}},"10":{"start":{"line":20,"column":121},"end":{"line":20,"column":131}},"11":{"start":{"line":20,"column":151},"end":{"line":20,"column":165}},"12":{"start":{"line":20,"column":166},"end":{"line":20,"column":173}},"13":{"start":{"line":20,"column":176},"end":{"line":20,"column":263}},"14":{"start":{"line":20,"column":193},"end":{"line":20,"column":208}},"15":{"start":{"line":20,"column":218},"end":{"line":20,"column":261}},"16":{"start":{"line":22,"column":33},"end":{"line":22,"column":387}},"17":{"start":{"line":22,"column":65},"end":{"line":22,"column":69}},"18":{"start":{"line":22,"column":78},"end":{"line":22,"column":87}},"19":{"start":{"line":22,"column":89},"end":{"line":22,"column":384}},"20":{"start":{"line":22,"column":147},"end":{"line":22,"column":167}},"21":{"start":{"line":22,"column":193},"end":{"line":22,"column":264}},"22":{"start":{"line":22,"column":290},"end":{"line":22,"column":360}},"23":{"start":{"line":22,"column":363},"end":{"line":22,"column":380}},"24":{"start":{"line":24,"column":19},"end":{"line":33,"column":1}},"25":{"start":{"line":25,"column":15},"end":{"line":25,"column":43}},"26":{"start":{"line":27,"column":14},"end":{"line":27,"column":71}},"27":{"start":{"line":29,"column":2},"end":{"line":32,"column":5}},"28":{"start":{"line":39,"column":0},"end":{"line":111,"column":3}},"29":{"start":{"line":40,"column":13},"end":{"line":106,"column":5}},"30":{"start":{"line":44,"column":4},"end":{"line":105,"column":33}},"31":{"start":{"line":45,"column":6},"end":{"line":104,"column":7}},"32":{"start":{"line":46,"column":8},"end":{"line":103,"column":9}},"33":{"start":{"line":48,"column":12},"end":{"line":51,"column":13}},"34":{"start":{"line":49,"column":14},"end":{"line":49,"column":32}},"35":{"start":{"line":50,"column":14},"end":{"line":50,"column":20}},"36":{"start":{"line":53,"column":12},"end":{"line":53,"column":45}},"37":{"start":{"line":56,"column":12},"end":{"line":56,"column":49}},"38":{"start":{"line":57,"column":12},"end":{"line":57,"column":72}},"39":{"start":{"line":58,"column":12},"end":{"line":58,"column":44}},"40":{"start":{"line":59,"column":12},"end":{"line":59,"column":42}},"41":{"start":{"line":60,"column":12},"end":{"line":60,"column":35}},"42":{"start":{"line":61,"column":12},"end":{"line":61,"column":132}},"43":{"start":{"line":62,"column":12},"end":{"line":62,"column":64}},"44":{"start":{"line":63,"column":12},"end":{"line":63,"column":30}},"45":{"start":{"line":64,"column":12},"end":{"line":64,"column":31}},"46":{"start":{"line":65,"column":12},"end":{"line":65,"column":70}},"47":{"start":{"line":68,"column":12},"end":{"line":68,"column":41}},"48":{"start":{"line":70,"column":12},"end":{"line":73,"column":13}},"49":{"start":{"line":71,"column":14},"end":{"line":71,"column":33}},"50":{"start":{"line":72,"column":14},"end":{"line":72,"column":20}},"51":{"start":{"line":75,"column":12},"end":{"line":78,"column":15}},"52":{"start":{"line":80,"column":12},"end":{"line":80,"column":45}},"53":{"start":{"line":83,"column":12},"end":{"line":83,"column":67}},"54":{"start":{"line":84,"column":12},"end":{"line":84,"column":31}},"55":{"start":{"line":85,"column":12},"end":{"line":85,"column":18}},"56":{"start":{"line":88,"column":12},"end":{"line":88,"column":31}},"57":{"start":{"line":89,"column":12},"end":{"line":89,"column":47}},"58":{"start":{"line":91,"column":12},"end":{"line":96,"column":15}},"59":{"start":{"line":98,"column":12},"end":{"line":98,"column":45}},"60":{"start":{"line":102,"column":12},"end":{"line":102,"column":35}},"61":{"start":{"line":108,"column":2},"end":{"line":110,"column":4}},"62":{"start":{"line":109,"column":4},"end":{"line":109,"column":39}},"63":{"start":{"line":113,"column":0},"end":{"line":113,"column":24}},"64":{"start":{"line":115,"column":27},"end":{"line":136,"column":1}},"65":{"start":{"line":116,"column":15},"end":{"line":116,"column":43}},"66":{"start":{"line":118,"column":14},"end":{"line":118,"column":90}},"67":{"start":{"line":120,"column":18},"end":{"line":120,"column":43}},"68":{"start":{"line":121,"column":18},"end":{"line":121,"column":43}},"69":{"start":{"line":123,"column":2},"end":{"line":130,"column":3}},"70":{"start":{"line":124,"column":4},"end":{"line":127,"column":7}},"71":{"start":{"line":129,"column":4},"end":{"line":129,"column":11}},"72":{"start":{"line":132,"column":2},"end":{"line":135,"column":5}},"73":{"start":{"line":142,"column":0},"end":{"line":207,"column":3}},"74":{"start":{"line":143,"column":14},"end":{"line":202,"column":5}},"75":{"start":{"line":147,"column":4},"end":{"line":201,"column":34}},"76":{"start":{"line":148,"column":6},"end":{"line":200,"column":7}},"77":{"start":{"line":149,"column":8},"end":{"line":199,"column":9}},"78":{"start":{"line":151,"column":12},"end":{"line":154,"column":13}},"79":{"start":{"line":152,"column":14},"end":{"line":152,"column":33}},"80":{"start":{"line":153,"column":14},"end":{"line":153,"column":20}},"81":{"start":{"line":156,"column":12},"end":{"line":156,"column":46}},"82":{"start":{"line":159,"column":12},"end":{"line":159,"column":69}},"83":{"start":{"line":160,"column":12},"end":{"line":160,"column":40}},"84":{"start":{"line":161,"column":12},"end":{"line":161,"column":31}},"85":{"start":{"line":162,"column":12},"end":{"line":162,"column":31}},"86":{"start":{"line":163,"column":12},"end":{"line":163,"column":70}},"87":{"start":{"line":166,"column":12},"end":{"line":166,"column":42}},"88":{"start":{"line":168,"column":12},"end":{"line":171,"column":13}},"89":{"start":{"line":169,"column":14},"end":{"line":169,"column":34}},"90":{"start":{"line":170,"column":14},"end":{"line":170,"column":20}},"91":{"start":{"line":173,"column":12},"end":{"line":176,"column":15}},"92":{"start":{"line":178,"column":12},"end":{"line":178,"column":46}},"93":{"start":{"line":181,"column":12},"end":{"line":181,"column":57}},"94":{"start":{"line":182,"column":12},"end":{"line":182,"column":32}},"95":{"start":{"line":183,"column":12},"end":{"line":183,"column":18}},"96":{"start":{"line":186,"column":12},"end":{"line":186,"column":32}},"97":{"start":{"line":187,"column":12},"end":{"line":187,"column":49}},"98":{"start":{"line":189,"column":12},"end":{"line":192,"column":15}},"99":{"start":{"line":194,"column":12},"end":{"line":194,"column":46}},"100":{"start":{"line":198,"column":12},"end":{"line":198,"column":36}},"101":{"start":{"line":204,"column":2},"end":{"line":206,"column":4}},"102":{"start":{"line":205,"column":4},"end":{"line":205,"column":40}},"103":{"start":{"line":209,"column":0},"end":{"line":209,"column":24}}},"fnMap":{"0":{"name":"_interopRequireDefault","decl":{"start":{"line":18,"column":9},"end":{"line":18,"column":31}},"loc":{"start":{"line":18,"column":37},"end":{"line":18,"column":97}},"line":18},"1":{"name":"asyncGeneratorStep","decl":{"start":{"line":20,"column":9},"end":{"line":20,"column":27}},"loc":{"start":{"line":20,"column":75},"end":{"line":20,"column":265}},"line":20},"2":{"name":"_asyncToGenerator","decl":{"start":{"line":22,"column":9},"end":{"line":22,"column":26}},"loc":{"start":{"line":22,"column":31},"end":{"line":22,"column":389}},"line":22},"3":{"name":"(anonymous_3)","decl":{"start":{"line":22,"column":40},"end":{"line":22,"column":41}},"loc":{"start":{"line":22,"column":52},"end":{"line":22,"column":386}},"line":22},"4":{"name":"(anonymous_4)","decl":{"start":{"line":22,"column":108},"end":{"line":22,"column":109}},"loc":{"start":{"line":22,"column":135},"end":{"line":22,"column":382}},"line":22},"5":{"name":"_next","decl":{"start":{"line":22,"column":178},"end":{"line":22,"column":183}},"loc":{"start":{"line":22,"column":191},"end":{"line":22,"column":266}},"line":22},"6":{"name":"_throw","decl":{"start":{"line":22,"column":276},"end":{"line":22,"column":282}},"loc":{"start":{"line":22,"column":288},"end":{"line":22,"column":362}},"line":22},"7":{"name":"sendUserData","decl":{"start":{"line":24,"column":28},"end":{"line":24,"column":40}},"loc":{"start":{"line":24,"column":83},"end":{"line":33,"column":1}},"line":24},"8":{"name":"(anonymous_8)","decl":{"start":{"line":39,"column":0},"end":{"line":39,"column":1}},"loc":{"start":{"line":39,"column":12},"end":{"line":111,"column":1}},"line":39},"9":{"name":"_callee","decl":{"start":{"line":42,"column":35},"end":{"line":42,"column":42}},"loc":{"start":{"line":42,"column":53},"end":{"line":106,"column":3}},"line":42},"10":{"name":"_callee$","decl":{"start":{"line":44,"column":44},"end":{"line":44,"column":52}},"loc":{"start":{"line":44,"column":63},"end":{"line":105,"column":5}},"line":44},"11":{"name":"signup","decl":{"start":{"line":108,"column":18},"end":{"line":108,"column":24}},"loc":{"start":{"line":108,"column":34},"end":{"line":110,"column":3}},"line":108},"12":{"name":"sendLoggedInUserData","decl":{"start":{"line":115,"column":36},"end":{"line":115,"column":56}},"loc":{"start":{"line":115,"column":81},"end":{"line":136,"column":1}},"line":115},"13":{"name":"(anonymous_13)","decl":{"start":{"line":142,"column":0},"end":{"line":142,"column":1}},"loc":{"start":{"line":142,"column":12},"end":{"line":207,"column":1}},"line":142},"14":{"name":"_callee2","decl":{"start":{"line":145,"column":35},"end":{"line":145,"column":43}},"loc":{"start":{"line":145,"column":54},"end":{"line":202,"column":3}},"line":145},"15":{"name":"_callee2$","decl":{"start":{"line":147,"column":44},"end":{"line":147,"column":53}},"loc":{"start":{"line":147,"column":65},"end":{"line":201,"column":5}},"line":147},"16":{"name":"signin","decl":{"start":{"line":204,"column":18},"end":{"line":204,"column":24}},"loc":{"start":{"line":204,"column":35},"end":{"line":206,"column":3}},"line":204}},"branchMap":{"0":{"loc":{"start":{"line":18,"column":46},"end":{"line":18,"column":94}},"type":"cond-expr","locations":[{"start":{"line":18,"column":70},"end":{"line":18,"column":73}},{"start":{"line":18,"column":76},"end":{"line":18,"column":94}}],"line":18},"1":{"loc":{"start":{"line":18,"column":46},"end":{"line":18,"column":67}},"type":"binary-expr","locations":[{"start":{"line":18,"column":46},"end":{"line":18,"column":49}},{"start":{"line":18,"column":53},"end":{"line":18,"column":67}}],"line":18},"2":{"loc":{"start":{"line":20,"column":176},"end":{"line":20,"column":263}},"type":"if","locations":[{"start":{"line":20,"column":176},"end":{"line":20,"column":263}},{"start":{"line":20,"column":176},"end":{"line":20,"column":263}}],"line":20},"3":{"loc":{"start":{"line":46,"column":8},"end":{"line":103,"column":9}},"type":"switch","locations":[{"start":{"line":47,"column":10},"end":{"line":53,"column":45}},{"start":{"line":55,"column":10},"end":{"line":65,"column":70}},{"start":{"line":67,"column":10},"end":{"line":80,"column":45}},{"start":{"line":82,"column":10},"end":{"line":85,"column":18}},{"start":{"line":87,"column":10},"end":{"line":98,"column":45}},{"start":{"line":100,"column":10},"end":{"line":100,"column":18}},{"start":{"line":101,"column":10},"end":{"line":102,"column":35}}],"line":46},"4":{"loc":{"start":{"line":48,"column":12},"end":{"line":51,"column":13}},"type":"if","locations":[{"start":{"line":48,"column":12},"end":{"line":51,"column":13}},{"start":{"line":48,"column":12},"end":{"line":51,"column":13}}],"line":48},"5":{"loc":{"start":{"line":70,"column":12},"end":{"line":73,"column":13}},"type":"if","locations":[{"start":{"line":70,"column":12},"end":{"line":73,"column":13}},{"start":{"line":70,"column":12},"end":{"line":73,"column":13}}],"line":70},"6":{"loc":{"start":{"line":123,"column":2},"end":{"line":130,"column":3}},"type":"if","locations":[{"start":{"line":123,"column":2},"end":{"line":130,"column":3}},{"start":{"line":123,"column":2},"end":{"line":130,"column":3}}],"line":123},"7":{"loc":{"start":{"line":149,"column":8},"end":{"line":199,"column":9}},"type":"switch","locations":[{"start":{"line":150,"column":10},"end":{"line":156,"column":46}},{"start":{"line":158,"column":10},"end":{"line":163,"column":70}},{"start":{"line":165,"column":10},"end":{"line":178,"column":46}},{"start":{"line":180,"column":10},"end":{"line":183,"column":18}},{"start":{"line":185,"column":10},"end":{"line":194,"column":46}},{"start":{"line":196,"column":10},"end":{"line":196,"column":18}},{"start":{"line":197,"column":10},"end":{"line":198,"column":36}}],"line":149},"8":{"loc":{"start":{"line":151,"column":12},"end":{"line":154,"column":13}},"type":"if","locations":[{"start":{"line":151,"column":12},"end":{"line":154,"column":13}},{"start":{"line":151,"column":12},"end":{"line":154,"column":13}}],"line":151},"9":{"loc":{"start":{"line":168,"column":12},"end":{"line":171,"column":13}},"type":"if","locations":[{"start":{"line":168,"column":12},"end":{"line":171,"column":13}},{"start":{"line":168,"column":12},"end":{"line":171,"column":13}}],"line":168}},"s":{"0":1,"1":1,"2":1,"3":1,"4":1,"5":1,"6":1,"7":4,"8":4,"9":4,"10":4,"11":0,"12":0,"13":4,"14":2,"15":2,"16":2,"17":2,"18":2,"19":2,"20":2,"21":3,"22":1,"23":2,"24":1,"25":0,"26":0,"27":0,"28":1,"29":1,"30":1,"31":3,"32":4,"33":1,"34":1,"35":1,"36":0,"37":1,"38":1,"39":1,"40":1,"41":1,"42":1,"43":1,"44":1,"45":1,"46":1,"47":0,"48":0,"49":0,"50":0,"51":0,"52":0,"53":0,"54":0,"55":0,"56":1,"57":1,"58":1,"59":1,"60":1,"61":1,"62":1,"63":1,"64":1,"65":1,"66":1,"67":1,"68":1,"69":1,"70":0,"71":0,"72":1,"73":1,"74":1,"75":1,"76":2,"77":5,"78":1,"79":1,"80":1,"81":0,"82":1,"83":1,"84":1,"85":1,"86":1,"87":1,"88":1,"89":1,"90":1,"91":0,"92":0,"93":1,"94":1,"95":1,"96":0,"97":0,"98":0,"99":0,"100":1,"101":1,"102":1,"103":1},"f":{"0":4,"1":4,"2":2,"3":2,"4":2,"5":3,"6":1,"7":0,"8":1,"9":1,"10":3,"11":1,"12":1,"13":1,"14":1,"15":2,"16":1},"b":{"0":[2,2],"1":[4,4],"2":[2,2],"3":[1,1,0,0,1,0,1],"4":[1,0],"5":[0,0],"6":[0,1],"7":[1,1,1,1,0,1,1],"8":[1,0],"9":[1,0]},"_coverageSchema":"43e27e138ebf9cfc5966b082cf9a028302ed4184","hash":"b9ec840e04509568fd56812f84c8ff57f003c7bc","contentHash":"5cff0fe82bfceb8e20ab8cdb57c497e2e2a68e61745f3a0e6336931965614255"},"C:\\Users\\owner\\WayFarer-API\\server\\controllers\\helpers.js":{"path":"C:\\Users\\owner\\WayFarer-API\\server\\controllers\\helpers.js","statementMap":{"0":{"start":{"line":3,"column":0},"end":{"line":5,"column":3}},"1":{"start":{"line":6,"column":0},"end":{"line":6,"column":28}},"2":{"start":{"line":8,"column":0},"end":{"line":8,"column":27}},"3":{"start":{"line":10,"column":14},"end":{"line":10,"column":55}},"4":{"start":{"line":12,"column":15},"end":{"line":12,"column":57}},"5":{"start":{"line":14,"column":14},"end":{"line":14,"column":55}},"6":{"start":{"line":16,"column":20},"end":{"line":16,"column":67}},"7":{"start":{"line":18,"column":24},"end":{"line":18,"column":52}},"8":{"start":{"line":20,"column":39},"end":{"line":20,"column":95}},"9":{"start":{"line":22,"column":0},"end":{"line":22,"column":28}},"10":{"start":{"line":24,"column":17},"end":{"line":24,"column":19}},"11":{"start":{"line":25,"column":13},"end":{"line":72,"column":1}},"12":{"start":{"line":27,"column":4},"end":{"line":27,"column":23}},"13":{"start":{"line":28,"column":4},"end":{"line":28,"column":22}},"14":{"start":{"line":31,"column":17},"end":{"line":31,"column":27}},"15":{"start":{"line":32,"column":4},"end":{"line":32,"column":42}},"16":{"start":{"line":33,"column":4},"end":{"line":38,"column":31}},"17":{"start":{"line":41,"column":4},"end":{"line":41,"column":76}},"18":{"start":{"line":44,"column":4},"end":{"line":44,"column":54}},"19":{"start":{"line":47,"column":4},"end":{"line":47,"column":234}},"20":{"start":{"line":50,"column":4},"end":{"line":57,"column":6}},"21":{"start":{"line":60,"column":17},"end":{"line":60,"column":61}},"22":{"start":{"line":62,"column":4},"end":{"line":68,"column":5}},"23":{"start":{"line":63,"column":6},"end":{"line":66,"column":9}},"24":{"start":{"line":67,"column":6},"end":{"line":67,"column":15}},"25":{"start":{"line":70,"column":4},"end":{"line":70,"column":11}},"26":{"start":{"line":73,"column":15},"end":{"line":73,"column":21}},"27":{"start":{"line":74,"column":0},"end":{"line":74,"column":30}}},"fnMap":{"0":{"name":"_interopRequireDefault","decl":{"start":{"line":20,"column":9},"end":{"line":20,"column":31}},"loc":{"start":{"line":20,"column":37},"end":{"line":20,"column":97}},"line":20},"1":{"name":"sendJSONresponse","decl":{"start":{"line":26,"column":29},"end":{"line":26,"column":45}},"loc":{"start":{"line":26,"column":68},"end":{"line":29,"column":3}},"line":26},"2":{"name":"generateJwt","decl":{"start":{"line":30,"column":24},"end":{"line":30,"column":35}},"loc":{"start":{"line":30,"column":58},"end":{"line":39,"column":3}},"line":30},"3":{"name":"isValidPassword","decl":{"start":{"line":40,"column":28},"end":{"line":40,"column":43}},"loc":{"start":{"line":40,"column":78},"end":{"line":42,"column":3}},"line":40},"4":{"name":"getSalt","decl":{"start":{"line":43,"column":20},"end":{"line":43,"column":27}},"loc":{"start":{"line":43,"column":30},"end":{"line":45,"column":3}},"line":43},"5":{"name":"timeStamp","decl":{"start":{"line":46,"column":22},"end":{"line":46,"column":31}},"loc":{"start":{"line":46,"column":34},"end":{"line":48,"column":3}},"line":46},"6":{"name":"buildUpResponse","decl":{"start":{"line":49,"column":28},"end":{"line":49,"column":43}},"loc":{"start":{"line":49,"column":65},"end":{"line":58,"column":3}},"line":49},"7":{"name":"fieldsValidator","decl":{"start":{"line":59,"column":28},"end":{"line":59,"column":43}},"loc":{"start":{"line":59,"column":54},"end":{"line":71,"column":3}},"line":59}},"branchMap":{"0":{"loc":{"start":{"line":20,"column":46},"end":{"line":20,"column":94}},"type":"cond-expr","locations":[{"start":{"line":20,"column":70},"end":{"line":20,"column":73}},{"start":{"line":20,"column":76},"end":{"line":20,"column":94}}],"line":20},"1":{"loc":{"start":{"line":20,"column":46},"end":{"line":20,"column":67}},"type":"binary-expr","locations":[{"start":{"line":20,"column":46},"end":{"line":20,"column":49}},{"start":{"line":20,"column":53},"end":{"line":20,"column":67}}],"line":20},"2":{"loc":{"start":{"line":62,"column":4},"end":{"line":68,"column":5}},"type":"if","locations":[{"start":{"line":62,"column":4},"end":{"line":68,"column":5}},{"start":{"line":62,"column":4},"end":{"line":68,"column":5}}],"line":62}},"s":{"0":1,"1":1,"2":1,"3":1,"4":1,"5":1,"6":1,"7":1,"8":4,"9":1,"10":1,"11":1,"12":4,"13":4,"14":1,"15":1,"16":1,"17":1,"18":1,"19":1,"20":1,"21":4,"22":4,"23":0,"24":0,"25":4,"26":1,"27":1},"f":{"0":4,"1":4,"2":1,"3":1,"4":1,"5":1,"6":1,"7":4},"b":{"0":[0,4],"1":[4,4],"2":[0,4]},"_coverageSchema":"43e27e138ebf9cfc5966b082cf9a028302ed4184","hash":"aa3ddd8836ae0d466fe98dff186ed0f436ded3f2","contentHash":"05aa6fb94956bfbb495981801191f24327e5cc19650c6cf7fa4989a718d85d69"},"C:\\Users\\owner\\WayFarer-API\\server\\models\\index.js":{"path":"C:\\Users\\owner\\WayFarer-API\\server\\models\\index.js","statementMap":{"0":{"start":{"line":3,"column":0},"end":{"line":5,"column":3}},"1":{"start":{"line":6,"column":0},"end":{"line":6,"column":28}},"2":{"start":{"line":8,"column":0},"end":{"line":8,"column":27}},"3":{"start":{"line":10,"column":14},"end":{"line":10,"column":55}},"4":{"start":{"line":12,"column":10},"end":{"line":12,"column":47}},"5":{"start":{"line":14,"column":39},"end":{"line":14,"column":95}},"6":{"start":{"line":16,"column":0},"end":{"line":16,"column":28}},"7":{"start":{"line":18,"column":13},"end":{"line":23,"column":1}},"8":{"start":{"line":24,"column":11},"end":{"line":24,"column":42}},"9":{"start":{"line":25,"column":0},"end":{"line":28,"column":3}},"10":{"start":{"line":25,"column":43},"end":{"line":28,"column":3}},"11":{"start":{"line":29,"column":9},"end":{"line":39,"column":1}},"12":{"start":{"line":31,"column":4},"end":{"line":37,"column":7}},"13":{"start":{"line":32,"column":6},"end":{"line":36,"column":9}},"14":{"start":{"line":33,"column":8},"end":{"line":33,"column":33}},"15":{"start":{"line":35,"column":8},"end":{"line":35,"column":27}},"16":{"start":{"line":40,"column":15},"end":{"line":40,"column":17}},"17":{"start":{"line":41,"column":0},"end":{"line":41,"column":30}}},"fnMap":{"0":{"name":"_interopRequireDefault","decl":{"start":{"line":14,"column":9},"end":{"line":14,"column":31}},"loc":{"start":{"line":14,"column":37},"end":{"line":14,"column":97}},"line":14},"1":{"name":"query","decl":{"start":{"line":30,"column":18},"end":{"line":30,"column":23}},"loc":{"start":{"line":30,"column":38},"end":{"line":38,"column":3}},"line":30},"2":{"name":"(anonymous_2)","decl":{"start":{"line":31,"column":23},"end":{"line":31,"column":24}},"loc":{"start":{"line":31,"column":50},"end":{"line":37,"column":5}},"line":31},"3":{"name":"(anonymous_3)","decl":{"start":{"line":32,"column":36},"end":{"line":32,"column":37}},"loc":{"start":{"line":32,"column":56},"end":{"line":34,"column":7}},"line":32},"4":{"name":"(anonymous_4)","decl":{"start":{"line":34,"column":18},"end":{"line":34,"column":19}},"loc":{"start":{"line":34,"column":33},"end":{"line":36,"column":7}},"line":34}},"branchMap":{"0":{"loc":{"start":{"line":14,"column":46},"end":{"line":14,"column":94}},"type":"cond-expr","locations":[{"start":{"line":14,"column":70},"end":{"line":14,"column":73}},{"start":{"line":14,"column":76},"end":{"line":14,"column":94}}],"line":14},"1":{"loc":{"start":{"line":14,"column":46},"end":{"line":14,"column":67}},"type":"binary-expr","locations":[{"start":{"line":14,"column":46},"end":{"line":14,"column":49}},{"start":{"line":14,"column":53},"end":{"line":14,"column":67}}],"line":14},"2":{"loc":{"start":{"line":25,"column":0},"end":{"line":28,"column":3}},"type":"if","locations":[{"start":{"line":25,"column":0},"end":{"line":28,"column":3}},{"start":{"line":25,"column":0},"end":{"line":28,"column":3}}],"line":25}},"s":{"0":1,"1":1,"2":1,"3":1,"4":1,"5":2,"6":1,"7":1,"8":1,"9":1,"10":0,"11":1,"12":7,"13":7,"14":4,"15":2,"16":1,"17":1},"f":{"0":2,"1":7,"2":7,"3":4,"4":2},"b":{"0":[0,2],"1":[2,2],"2":[0,1]},"_coverageSchema":"43e27e138ebf9cfc5966b082cf9a028302ed4184","hash":"6eb4c0ad028a47023dc5189243a851efcb4452fb","contentHash":"39fda33315f6c2079f6cc747d63b3e73bfba6337f375438a8c9422de608198d2"},"C:\\Users\\owner\\WayFarer-API\\server\\controllers\\trips.js":{"path":"C:\\Users\\owner\\WayFarer-API\\server\\controllers\\trips.js","statementMap":{"0":{"start":{"line":3,"column":0},"end":{"line":5,"column":3}},"1":{"start":{"line":6,"column":0},"end":{"line":6,"column":72}},"2":{"start":{"line":8,"column":0},"end":{"line":8,"column":27}},"3":{"start":{"line":10,"column":15},"end":{"line":10,"column":59}},"4":{"start":{"line":12,"column":13},"end":{"line":12,"column":63}},"5":{"start":{"line":14,"column":39},"end":{"line":14,"column":95}},"6":{"start":{"line":16,"column":77},"end":{"line":16,"column":175}},"7":{"start":{"line":16,"column":94},"end":{"line":16,"column":107}},"8":{"start":{"line":16,"column":121},"end":{"line":16,"column":131}},"9":{"start":{"line":16,"column":151},"end":{"line":16,"column":165}},"10":{"start":{"line":16,"column":166},"end":{"line":16,"column":173}},"11":{"start":{"line":16,"column":176},"end":{"line":16,"column":263}},"12":{"start":{"line":16,"column":193},"end":{"line":16,"column":208}},"13":{"start":{"line":16,"column":218},"end":{"line":16,"column":261}},"14":{"start":{"line":18,"column":33},"end":{"line":18,"column":387}},"15":{"start":{"line":18,"column":65},"end":{"line":18,"column":69}},"16":{"start":{"line":18,"column":78},"end":{"line":18,"column":87}},"17":{"start":{"line":18,"column":89},"end":{"line":18,"column":384}},"18":{"start":{"line":18,"column":147},"end":{"line":18,"column":167}},"19":{"start":{"line":18,"column":193},"end":{"line":18,"column":264}},"20":{"start":{"line":18,"column":290},"end":{"line":18,"column":360}},"21":{"start":{"line":18,"column":363},"end":{"line":18,"column":380}},"22":{"start":{"line":22,"column":0},"end":{"line":61,"column":3}},"23":{"start":{"line":23,"column":13},"end":{"line":56,"column":5}},"24":{"start":{"line":27,"column":4},"end":{"line":55,"column":32}},"25":{"start":{"line":28,"column":6},"end":{"line":54,"column":7}},"26":{"start":{"line":29,"column":8},"end":{"line":53,"column":9}},"27":{"start":{"line":31,"column":12},"end":{"line":31,"column":30}},"28":{"start":{"line":32,"column":12},"end":{"line":32,"column":30}},"29":{"start":{"line":33,"column":12},"end":{"line":33,"column":93}},"30":{"start":{"line":36,"column":12},"end":{"line":36,"column":36}},"31":{"start":{"line":37,"column":12},"end":{"line":37,"column":66}},"32":{"start":{"line":40,"column":12},"end":{"line":40,"column":30}},"33":{"start":{"line":41,"column":12},"end":{"line":41,"column":47}},"34":{"start":{"line":43,"column":12},"end":{"line":46,"column":15}},"35":{"start":{"line":48,"column":12},"end":{"line":48,"column":45}},"36":{"start":{"line":52,"column":12},"end":{"line":52,"column":35}},"37":{"start":{"line":58,"column":2},"end":{"line":60,"column":4}},"38":{"start":{"line":59,"column":4},"end":{"line":59,"column":39}},"39":{"start":{"line":65,"column":0},"end":{"line":128,"column":3}},"40":{"start":{"line":66,"column":14},"end":{"line":123,"column":5}},"41":{"start":{"line":70,"column":4},"end":{"line":122,"column":34}},"42":{"start":{"line":71,"column":6},"end":{"line":121,"column":7}},"43":{"start":{"line":72,"column":8},"end":{"line":120,"column":9}},"44":{"start":{"line":74,"column":12},"end":{"line":74,"column":31}},"45":{"start":{"line":75,"column":12},"end":{"line":75,"column":148}},"46":{"start":{"line":76,"column":12},"end":{"line":76,"column":76}},"47":{"start":{"line":77,"column":12},"end":{"line":77,"column":31}},"48":{"start":{"line":78,"column":12},"end":{"line":78,"column":70}},"49":{"start":{"line":81,"column":12},"end":{"line":81,"column":38}},"50":{"start":{"line":83,"column":12},"end":{"line":86,"column":13}},"51":{"start":{"line":84,"column":14},"end":{"line":84,"column":34}},"52":{"start":{"line":85,"column":14},"end":{"line":85,"column":20}},"53":{"start":{"line":88,"column":12},"end":{"line":91,"column":15}},"54":{"start":{"line":93,"column":12},"end":{"line":93,"column":46}},"55":{"start":{"line":96,"column":12},"end":{"line":99,"column":15}},"56":{"start":{"line":101,"column":12},"end":{"line":101,"column":46}},"57":{"start":{"line":104,"column":12},"end":{"line":104,"column":46}},"58":{"start":{"line":107,"column":12},"end":{"line":107,"column":32}},"59":{"start":{"line":108,"column":12},"end":{"line":108,"column":49}},"60":{"start":{"line":110,"column":12},"end":{"line":113,"column":15}},"61":{"start":{"line":115,"column":12},"end":{"line":115,"column":46}},"62":{"start":{"line":119,"column":12},"end":{"line":119,"column":36}},"63":{"start":{"line":125,"column":2},"end":{"line":127,"column":4}},"64":{"start":{"line":126,"column":4},"end":{"line":126,"column":40}},"65":{"start":{"line":130,"column":26},"end":{"line":148,"column":1}},"66":{"start":{"line":131,"column":14},"end":{"line":131,"column":29}},"67":{"start":{"line":132,"column":15},"end":{"line":132,"column":30}},"68":{"start":{"line":133,"column":20},"end":{"line":133,"column":40}},"69":{"start":{"line":134,"column":17},"end":{"line":134,"column":35}},"70":{"start":{"line":135,"column":13},"end":{"line":135,"column":26}},"71":{"start":{"line":136,"column":15},"end":{"line":136,"column":30}},"72":{"start":{"line":138,"column":2},"end":{"line":147,"column":3}},"73":{"start":{"line":139,"column":4},"end":{"line":142,"column":7}},"74":{"start":{"line":144,"column":4},"end":{"line":144,"column":11}},"75":{"start":{"line":146,"column":4},"end":{"line":146,"column":76}},"76":{"start":{"line":152,"column":0},"end":{"line":224,"column":3}},"77":{"start":{"line":153,"column":14},"end":{"line":219,"column":5}},"78":{"start":{"line":157,"column":4},"end":{"line":218,"column":34}},"79":{"start":{"line":158,"column":6},"end":{"line":217,"column":7}},"80":{"start":{"line":159,"column":8},"end":{"line":216,"column":9}},"81":{"start":{"line":161,"column":12},"end":{"line":161,"column":31}},"82":{"start":{"line":162,"column":12},"end":{"line":162,"column":31}},"83":{"start":{"line":163,"column":12},"end":{"line":163,"column":104}},"84":{"start":{"line":166,"column":12},"end":{"line":166,"column":38}},"85":{"start":{"line":168,"column":12},"end":{"line":171,"column":13}},"86":{"start":{"line":169,"column":14},"end":{"line":169,"column":33}},"87":{"start":{"line":170,"column":14},"end":{"line":170,"column":20}},"88":{"start":{"line":173,"column":12},"end":{"line":176,"column":15}},"89":{"start":{"line":178,"column":12},"end":{"line":178,"column":46}},"90":{"start":{"line":181,"column":12},"end":{"line":181,"column":48}},"91":{"start":{"line":183,"column":12},"end":{"line":186,"column":13}},"92":{"start":{"line":184,"column":14},"end":{"line":184,"column":34}},"93":{"start":{"line":185,"column":14},"end":{"line":185,"column":20}},"94":{"start":{"line":188,"column":12},"end":{"line":191,"column":15}},"95":{"start":{"line":193,"column":12},"end":{"line":193,"column":46}},"96":{"start":{"line":196,"column":12},"end":{"line":196,"column":42}},"97":{"start":{"line":199,"column":12},"end":{"line":199,"column":32}},"98":{"start":{"line":200,"column":12},"end":{"line":200,"column":18}},"99":{"start":{"line":203,"column":12},"end":{"line":203,"column":32}},"100":{"start":{"line":204,"column":12},"end":{"line":204,"column":49}},"101":{"start":{"line":206,"column":12},"end":{"line":209,"column":15}},"102":{"start":{"line":211,"column":12},"end":{"line":211,"column":46}},"103":{"start":{"line":215,"column":12},"end":{"line":215,"column":36}},"104":{"start":{"line":221,"column":2},"end":{"line":223,"column":4}},"105":{"start":{"line":222,"column":4},"end":{"line":222,"column":40}},"106":{"start":{"line":228,"column":17},"end":{"line":240,"column":1}},"107":{"start":{"line":229,"column":2},"end":{"line":239,"column":3}},"108":{"start":{"line":230,"column":4},"end":{"line":230,"column":62}},"109":{"start":{"line":230,"column":55},"end":{"line":230,"column":62}},"110":{"start":{"line":231,"column":4},"end":{"line":231,"column":36}},"111":{"start":{"line":233,"column":4},"end":{"line":236,"column":7}},"112":{"start":{"line":238,"column":4},"end":{"line":238,"column":11}},"113":{"start":{"line":242,"column":0},"end":{"line":242,"column":32}},"114":{"start":{"line":246,"column":0},"end":{"line":306,"column":3}},"115":{"start":{"line":247,"column":14},"end":{"line":301,"column":5}},"116":{"start":{"line":251,"column":4},"end":{"line":300,"column":34}},"117":{"start":{"line":252,"column":6},"end":{"line":299,"column":7}},"118":{"start":{"line":253,"column":8},"end":{"line":298,"column":9}},"119":{"start":{"line":255,"column":12},"end":{"line":255,"column":31}},"120":{"start":{"line":256,"column":12},"end":{"line":256,"column":31}},"121":{"start":{"line":257,"column":12},"end":{"line":257,"column":112}},"122":{"start":{"line":260,"column":12},"end":{"line":260,"column":47}},"123":{"start":{"line":262,"column":12},"end":{"line":265,"column":13}},"124":{"start":{"line":263,"column":14},"end":{"line":263,"column":33}},"125":{"start":{"line":264,"column":14},"end":{"line":264,"column":20}},"126":{"start":{"line":267,"column":12},"end":{"line":270,"column":15}},"127":{"start":{"line":272,"column":12},"end":{"line":272,"column":46}},"128":{"start":{"line":275,"column":12},"end":{"line":278,"column":15}},"129":{"start":{"line":281,"column":12},"end":{"line":281,"column":32}},"130":{"start":{"line":282,"column":12},"end":{"line":282,"column":18}},"131":{"start":{"line":285,"column":12},"end":{"line":285,"column":32}},"132":{"start":{"line":286,"column":12},"end":{"line":286,"column":49}},"133":{"start":{"line":288,"column":12},"end":{"line":291,"column":15}},"134":{"start":{"line":293,"column":12},"end":{"line":293,"column":46}},"135":{"start":{"line":297,"column":12},"end":{"line":297,"column":36}},"136":{"start":{"line":303,"column":2},"end":{"line":305,"column":4}},"137":{"start":{"line":304,"column":4},"end":{"line":304,"column":40}},"138":{"start":{"line":310,"column":0},"end":{"line":369,"column":3}},"139":{"start":{"line":311,"column":14},"end":{"line":364,"column":5}},"140":{"start":{"line":315,"column":4},"end":{"line":363,"column":34}},"141":{"start":{"line":316,"column":6},"end":{"line":362,"column":7}},"142":{"start":{"line":317,"column":8},"end":{"line":361,"column":9}},"143":{"start":{"line":319,"column":12},"end":{"line":319,"column":31}},"144":{"start":{"line":320,"column":12},"end":{"line":320,"column":31}},"145":{"start":{"line":321,"column":12},"end":{"line":321,"column":122}},"146":{"start":{"line":324,"column":12},"end":{"line":324,"column":48}},"147":{"start":{"line":326,"column":12},"end":{"line":329,"column":13}},"148":{"start":{"line":327,"column":14},"end":{"line":327,"column":33}},"149":{"start":{"line":328,"column":14},"end":{"line":328,"column":20}},"150":{"start":{"line":331,"column":12},"end":{"line":334,"column":15}},"151":{"start":{"line":336,"column":12},"end":{"line":336,"column":46}},"152":{"start":{"line":339,"column":12},"end":{"line":342,"column":15}},"153":{"start":{"line":345,"column":12},"end":{"line":345,"column":46}},"154":{"start":{"line":348,"column":12},"end":{"line":348,"column":32}},"155":{"start":{"line":349,"column":12},"end":{"line":349,"column":49}},"156":{"start":{"line":351,"column":12},"end":{"line":354,"column":15}},"157":{"start":{"line":356,"column":12},"end":{"line":356,"column":46}},"158":{"start":{"line":360,"column":12},"end":{"line":360,"column":36}},"159":{"start":{"line":366,"column":2},"end":{"line":368,"column":4}},"160":{"start":{"line":367,"column":4},"end":{"line":367,"column":40}},"161":{"start":{"line":373,"column":0},"end":{"line":432,"column":3}},"162":{"start":{"line":374,"column":14},"end":{"line":427,"column":5}},"163":{"start":{"line":378,"column":4},"end":{"line":426,"column":34}},"164":{"start":{"line":379,"column":6},"end":{"line":425,"column":7}},"165":{"start":{"line":380,"column":8},"end":{"line":424,"column":9}},"166":{"start":{"line":382,"column":12},"end":{"line":382,"column":31}},"167":{"start":{"line":383,"column":12},"end":{"line":383,"column":31}},"168":{"start":{"line":384,"column":12},"end":{"line":384,"column":66}},"169":{"start":{"line":387,"column":12},"end":{"line":387,"column":39}},"170":{"start":{"line":389,"column":12},"end":{"line":392,"column":13}},"171":{"start":{"line":390,"column":14},"end":{"line":390,"column":33}},"172":{"start":{"line":391,"column":14},"end":{"line":391,"column":20}},"173":{"start":{"line":394,"column":12},"end":{"line":397,"column":15}},"174":{"start":{"line":399,"column":12},"end":{"line":399,"column":46}},"175":{"start":{"line":402,"column":12},"end":{"line":405,"column":15}},"176":{"start":{"line":408,"column":12},"end":{"line":408,"column":46}},"177":{"start":{"line":411,"column":12},"end":{"line":411,"column":32}},"178":{"start":{"line":412,"column":12},"end":{"line":412,"column":49}},"179":{"start":{"line":414,"column":12},"end":{"line":417,"column":15}},"180":{"start":{"line":419,"column":12},"end":{"line":419,"column":46}},"181":{"start":{"line":423,"column":12},"end":{"line":423,"column":36}},"182":{"start":{"line":429,"column":2},"end":{"line":431,"column":4}},"183":{"start":{"line":430,"column":4},"end":{"line":430,"column":40}},"184":{"start":{"line":436,"column":0},"end":{"line":502,"column":3}},"185":{"start":{"line":437,"column":14},"end":{"line":497,"column":5}},"186":{"start":{"line":441,"column":4},"end":{"line":496,"column":34}},"187":{"start":{"line":442,"column":6},"end":{"line":495,"column":7}},"188":{"start":{"line":443,"column":8},"end":{"line":494,"column":9}},"189":{"start":{"line":445,"column":12},"end":{"line":445,"column":31}},"190":{"start":{"line":446,"column":12},"end":{"line":446,"column":31}},"191":{"start":{"line":447,"column":12},"end":{"line":447,"column":104}},"192":{"start":{"line":450,"column":12},"end":{"line":450,"column":39}},"193":{"start":{"line":452,"column":12},"end":{"line":455,"column":13}},"194":{"start":{"line":453,"column":14},"end":{"line":453,"column":33}},"195":{"start":{"line":454,"column":14},"end":{"line":454,"column":20}},"196":{"start":{"line":457,"column":12},"end":{"line":463,"column":13}},"197":{"start":{"line":458,"column":14},"end":{"line":458,"column":47}},"198":{"start":{"line":459,"column":19},"end":{"line":463,"column":13}},"199":{"start":{"line":460,"column":14},"end":{"line":460,"column":52}},"200":{"start":{"line":462,"column":14},"end":{"line":462,"column":43}},"201":{"start":{"line":465,"column":12},"end":{"line":465,"column":32}},"202":{"start":{"line":466,"column":12},"end":{"line":466,"column":18}},"203":{"start":{"line":469,"column":12},"end":{"line":472,"column":15}},"204":{"start":{"line":474,"column":12},"end":{"line":474,"column":46}},"205":{"start":{"line":477,"column":12},"end":{"line":477,"column":32}},"206":{"start":{"line":478,"column":12},"end":{"line":478,"column":18}},"207":{"start":{"line":481,"column":12},"end":{"line":481,"column":32}},"208":{"start":{"line":482,"column":12},"end":{"line":482,"column":49}},"209":{"start":{"line":484,"column":12},"end":{"line":487,"column":15}},"210":{"start":{"line":489,"column":12},"end":{"line":489,"column":46}},"211":{"start":{"line":493,"column":12},"end":{"line":493,"column":36}},"212":{"start":{"line":499,"column":2},"end":{"line":501,"column":4}},"213":{"start":{"line":500,"column":4},"end":{"line":500,"column":40}},"214":{"start":{"line":506,"column":19},"end":{"line":519,"column":1}},"215":{"start":{"line":507,"column":2},"end":{"line":516,"column":3}},"216":{"start":{"line":508,"column":4},"end":{"line":508,"column":37}},"217":{"start":{"line":510,"column":4},"end":{"line":513,"column":7}},"218":{"start":{"line":515,"column":4},"end":{"line":515,"column":11}},"219":{"start":{"line":518,"column":2},"end":{"line":518,"column":9}},"220":{"start":{"line":521,"column":0},"end":{"line":521,"column":36}},"221":{"start":{"line":525,"column":0},"end":{"line":591,"column":3}},"222":{"start":{"line":526,"column":14},"end":{"line":586,"column":5}},"223":{"start":{"line":530,"column":4},"end":{"line":585,"column":34}},"224":{"start":{"line":531,"column":6},"end":{"line":584,"column":7}},"225":{"start":{"line":532,"column":8},"end":{"line":583,"column":9}},"226":{"start":{"line":534,"column":12},"end":{"line":534,"column":31}},"227":{"start":{"line":535,"column":12},"end":{"line":535,"column":87}},"228":{"start":{"line":536,"column":12},"end":{"line":536,"column":56}},"229":{"start":{"line":537,"column":12},"end":{"line":537,"column":31}},"230":{"start":{"line":538,"column":12},"end":{"line":538,"column":70}},"231":{"start":{"line":541,"column":12},"end":{"line":541,"column":36}},"232":{"start":{"line":543,"column":12},"end":{"line":546,"column":13}},"233":{"start":{"line":544,"column":14},"end":{"line":544,"column":34}},"234":{"start":{"line":545,"column":14},"end":{"line":545,"column":20}},"235":{"start":{"line":548,"column":12},"end":{"line":551,"column":15}},"236":{"start":{"line":553,"column":12},"end":{"line":553,"column":46}},"237":{"start":{"line":556,"column":12},"end":{"line":561,"column":15}},"238":{"start":{"line":563,"column":12},"end":{"line":563,"column":46}},"239":{"start":{"line":566,"column":12},"end":{"line":566,"column":32}},"240":{"start":{"line":567,"column":12},"end":{"line":567,"column":18}},"241":{"start":{"line":570,"column":12},"end":{"line":570,"column":32}},"242":{"start":{"line":571,"column":12},"end":{"line":571,"column":49}},"243":{"start":{"line":573,"column":12},"end":{"line":576,"column":15}},"244":{"start":{"line":578,"column":12},"end":{"line":578,"column":46}},"245":{"start":{"line":582,"column":12},"end":{"line":582,"column":36}},"246":{"start":{"line":588,"column":2},"end":{"line":590,"column":4}},"247":{"start":{"line":589,"column":4},"end":{"line":589,"column":40}},"248":{"start":{"line":595,"column":0},"end":{"line":667,"column":3}},"249":{"start":{"line":596,"column":14},"end":{"line":662,"column":5}},"250":{"start":{"line":600,"column":4},"end":{"line":661,"column":34}},"251":{"start":{"line":601,"column":6},"end":{"line":660,"column":7}},"252":{"start":{"line":602,"column":8},"end":{"line":659,"column":9}},"253":{"start":{"line":604,"column":12},"end":{"line":604,"column":31}},"254":{"start":{"line":605,"column":12},"end":{"line":605,"column":31}},"255":{"start":{"line":606,"column":12},"end":{"line":606,"column":104}},"256":{"start":{"line":609,"column":12},"end":{"line":609,"column":38}},"257":{"start":{"line":611,"column":12},"end":{"line":614,"column":13}},"258":{"start":{"line":612,"column":14},"end":{"line":612,"column":33}},"259":{"start":{"line":613,"column":14},"end":{"line":613,"column":20}},"260":{"start":{"line":616,"column":12},"end":{"line":619,"column":15}},"261":{"start":{"line":621,"column":12},"end":{"line":621,"column":46}},"262":{"start":{"line":624,"column":12},"end":{"line":624,"column":48}},"263":{"start":{"line":626,"column":12},"end":{"line":629,"column":13}},"264":{"start":{"line":627,"column":14},"end":{"line":627,"column":34}},"265":{"start":{"line":628,"column":14},"end":{"line":628,"column":20}},"266":{"start":{"line":631,"column":12},"end":{"line":634,"column":15}},"267":{"start":{"line":636,"column":12},"end":{"line":636,"column":46}},"268":{"start":{"line":639,"column":12},"end":{"line":639,"column":42}},"269":{"start":{"line":642,"column":12},"end":{"line":642,"column":32}},"270":{"start":{"line":643,"column":12},"end":{"line":643,"column":18}},"271":{"start":{"line":646,"column":12},"end":{"line":646,"column":32}},"272":{"start":{"line":647,"column":12},"end":{"line":647,"column":49}},"273":{"start":{"line":649,"column":12},"end":{"line":652,"column":15}},"274":{"start":{"line":654,"column":12},"end":{"line":654,"column":46}},"275":{"start":{"line":658,"column":12},"end":{"line":658,"column":36}},"276":{"start":{"line":664,"column":2},"end":{"line":666,"column":4}},"277":{"start":{"line":665,"column":4},"end":{"line":665,"column":40}},"278":{"start":{"line":671,"column":17},"end":{"line":693,"column":1}},"279":{"start":{"line":674,"column":2},"end":{"line":692,"column":3}},"280":{"start":{"line":675,"column":4},"end":{"line":684,"column":5}},"281":{"start":{"line":676,"column":6},"end":{"line":679,"column":9}},"282":{"start":{"line":681,"column":6},"end":{"line":681,"column":13}},"283":{"start":{"line":683,"column":6},"end":{"line":683,"column":38}},"284":{"start":{"line":686,"column":4},"end":{"line":689,"column":7}},"285":{"start":{"line":691,"column":4},"end":{"line":691,"column":11}},"286":{"start":{"line":695,"column":0},"end":{"line":695,"column":32}}},"fnMap":{"0":{"name":"_interopRequireDefault","decl":{"start":{"line":14,"column":9},"end":{"line":14,"column":31}},"loc":{"start":{"line":14,"column":37},"end":{"line":14,"column":97}},"line":14},"1":{"name":"asyncGeneratorStep","decl":{"start":{"line":16,"column":9},"end":{"line":16,"column":27}},"loc":{"start":{"line":16,"column":75},"end":{"line":16,"column":265}},"line":16},"2":{"name":"_asyncToGenerator","decl":{"start":{"line":18,"column":9},"end":{"line":18,"column":26}},"loc":{"start":{"line":18,"column":31},"end":{"line":18,"column":389}},"line":18},"3":{"name":"(anonymous_3)","decl":{"start":{"line":18,"column":40},"end":{"line":18,"column":41}},"loc":{"start":{"line":18,"column":52},"end":{"line":18,"column":386}},"line":18},"4":{"name":"(anonymous_4)","decl":{"start":{"line":18,"column":108},"end":{"line":18,"column":109}},"loc":{"start":{"line":18,"column":135},"end":{"line":18,"column":382}},"line":18},"5":{"name":"_next","decl":{"start":{"line":18,"column":178},"end":{"line":18,"column":183}},"loc":{"start":{"line":18,"column":191},"end":{"line":18,"column":266}},"line":18},"6":{"name":"_throw","decl":{"start":{"line":18,"column":276},"end":{"line":18,"column":282}},"loc":{"start":{"line":18,"column":288},"end":{"line":18,"column":362}},"line":18},"7":{"name":"(anonymous_7)","decl":{"start":{"line":22,"column":0},"end":{"line":22,"column":1}},"loc":{"start":{"line":22,"column":12},"end":{"line":61,"column":1}},"line":22},"8":{"name":"_callee","decl":{"start":{"line":25,"column":35},"end":{"line":25,"column":42}},"loc":{"start":{"line":25,"column":60},"end":{"line":56,"column":3}},"line":25},"9":{"name":"_callee$","decl":{"start":{"line":27,"column":44},"end":{"line":27,"column":52}},"loc":{"start":{"line":27,"column":63},"end":{"line":55,"column":5}},"line":27},"10":{"name":"tripBus","decl":{"start":{"line":58,"column":18},"end":{"line":58,"column":25}},"loc":{"start":{"line":58,"column":40},"end":{"line":60,"column":3}},"line":58},"11":{"name":"(anonymous_11)","decl":{"start":{"line":65,"column":0},"end":{"line":65,"column":1}},"loc":{"start":{"line":65,"column":12},"end":{"line":128,"column":1}},"line":65},"12":{"name":"_callee2","decl":{"start":{"line":68,"column":35},"end":{"line":68,"column":43}},"loc":{"start":{"line":68,"column":106},"end":{"line":123,"column":3}},"line":68},"13":{"name":"_callee2$","decl":{"start":{"line":70,"column":44},"end":{"line":70,"column":53}},"loc":{"start":{"line":70,"column":65},"end":{"line":122,"column":5}},"line":70},"14":{"name":"storeTrip","decl":{"start":{"line":125,"column":18},"end":{"line":125,"column":27}},"loc":{"start":{"line":125,"column":70},"end":{"line":127,"column":3}},"line":125},"15":{"name":"proceedToCreateTrip","decl":{"start":{"line":130,"column":35},"end":{"line":130,"column":54}},"loc":{"start":{"line":130,"column":65},"end":{"line":148,"column":1}},"line":130},"16":{"name":"(anonymous_16)","decl":{"start":{"line":152,"column":0},"end":{"line":152,"column":1}},"loc":{"start":{"line":152,"column":12},"end":{"line":224,"column":1}},"line":152},"17":{"name":"_callee3","decl":{"start":{"line":155,"column":35},"end":{"line":155,"column":43}},"loc":{"start":{"line":155,"column":54},"end":{"line":219,"column":3}},"line":155},"18":{"name":"_callee3$","decl":{"start":{"line":157,"column":44},"end":{"line":157,"column":53}},"loc":{"start":{"line":157,"column":65},"end":{"line":218,"column":5}},"line":157},"19":{"name":"authUserAndCreateTrip","decl":{"start":{"line":221,"column":18},"end":{"line":221,"column":39}},"loc":{"start":{"line":221,"column":52},"end":{"line":223,"column":3}},"line":221},"20":{"name":"createTrip","decl":{"start":{"line":228,"column":26},"end":{"line":228,"column":36}},"loc":{"start":{"line":228,"column":47},"end":{"line":240,"column":1}},"line":228},"21":{"name":"(anonymous_21)","decl":{"start":{"line":246,"column":0},"end":{"line":246,"column":1}},"loc":{"start":{"line":246,"column":12},"end":{"line":306,"column":1}},"line":246},"22":{"name":"_callee4","decl":{"start":{"line":249,"column":35},"end":{"line":249,"column":43}},"loc":{"start":{"line":249,"column":54},"end":{"line":301,"column":3}},"line":249},"23":{"name":"_callee4$","decl":{"start":{"line":251,"column":44},"end":{"line":251,"column":53}},"loc":{"start":{"line":251,"column":65},"end":{"line":300,"column":5}},"line":251},"24":{"name":"filterTheTripsByOrigin","decl":{"start":{"line":303,"column":18},"end":{"line":303,"column":40}},"loc":{"start":{"line":303,"column":53},"end":{"line":305,"column":3}},"line":303},"25":{"name":"(anonymous_25)","decl":{"start":{"line":310,"column":0},"end":{"line":310,"column":1}},"loc":{"start":{"line":310,"column":12},"end":{"line":369,"column":1}},"line":310},"26":{"name":"_callee5","decl":{"start":{"line":313,"column":35},"end":{"line":313,"column":43}},"loc":{"start":{"line":313,"column":54},"end":{"line":364,"column":3}},"line":313},"27":{"name":"_callee5$","decl":{"start":{"line":315,"column":44},"end":{"line":315,"column":53}},"loc":{"start":{"line":315,"column":65},"end":{"line":363,"column":5}},"line":315},"28":{"name":"filterTheTripsByDestination","decl":{"start":{"line":366,"column":18},"end":{"line":366,"column":45}},"loc":{"start":{"line":366,"column":58},"end":{"line":368,"column":3}},"line":366},"29":{"name":"(anonymous_29)","decl":{"start":{"line":373,"column":0},"end":{"line":373,"column":1}},"loc":{"start":{"line":373,"column":12},"end":{"line":432,"column":1}},"line":373},"30":{"name":"_callee6","decl":{"start":{"line":376,"column":35},"end":{"line":376,"column":43}},"loc":{"start":{"line":376,"column":54},"end":{"line":427,"column":3}},"line":376},"31":{"name":"_callee6$","decl":{"start":{"line":378,"column":44},"end":{"line":378,"column":53}},"loc":{"start":{"line":378,"column":65},"end":{"line":426,"column":5}},"line":378},"32":{"name":"getAndSendRawTrips","decl":{"start":{"line":429,"column":18},"end":{"line":429,"column":36}},"loc":{"start":{"line":429,"column":49},"end":{"line":431,"column":3}},"line":429},"33":{"name":"(anonymous_33)","decl":{"start":{"line":436,"column":0},"end":{"line":436,"column":1}},"loc":{"start":{"line":436,"column":12},"end":{"line":502,"column":1}},"line":436},"34":{"name":"_callee7","decl":{"start":{"line":439,"column":35},"end":{"line":439,"column":43}},"loc":{"start":{"line":439,"column":54},"end":{"line":497,"column":3}},"line":439},"35":{"name":"_callee7$","decl":{"start":{"line":441,"column":44},"end":{"line":441,"column":53}},"loc":{"start":{"line":441,"column":65},"end":{"line":496,"column":5}},"line":441},"36":{"name":"authUserAndGetAllTrips","decl":{"start":{"line":499,"column":18},"end":{"line":499,"column":40}},"loc":{"start":{"line":499,"column":53},"end":{"line":501,"column":3}},"line":499},"37":{"name":"viewAllTrips","decl":{"start":{"line":506,"column":28},"end":{"line":506,"column":40}},"loc":{"start":{"line":506,"column":51},"end":{"line":519,"column":1}},"line":506},"38":{"name":"(anonymous_38)","decl":{"start":{"line":525,"column":0},"end":{"line":525,"column":1}},"loc":{"start":{"line":525,"column":12},"end":{"line":591,"column":1}},"line":525},"39":{"name":"_callee8","decl":{"start":{"line":528,"column":35},"end":{"line":528,"column":43}},"loc":{"start":{"line":528,"column":54},"end":{"line":586,"column":3}},"line":528},"40":{"name":"_callee8$","decl":{"start":{"line":530,"column":44},"end":{"line":530,"column":53}},"loc":{"start":{"line":530,"column":65},"end":{"line":585,"column":5}},"line":530},"41":{"name":"proceedToCancelTrip","decl":{"start":{"line":588,"column":18},"end":{"line":588,"column":37}},"loc":{"start":{"line":588,"column":50},"end":{"line":590,"column":3}},"line":588},"42":{"name":"(anonymous_42)","decl":{"start":{"line":595,"column":0},"end":{"line":595,"column":1}},"loc":{"start":{"line":595,"column":12},"end":{"line":667,"column":1}},"line":595},"43":{"name":"_callee9","decl":{"start":{"line":598,"column":35},"end":{"line":598,"column":43}},"loc":{"start":{"line":598,"column":54},"end":{"line":662,"column":3}},"line":598},"44":{"name":"_callee9$","decl":{"start":{"line":600,"column":44},"end":{"line":600,"column":53}},"loc":{"start":{"line":600,"column":65},"end":{"line":661,"column":5}},"line":600},"45":{"name":"authUserAndCancelTrip","decl":{"start":{"line":664,"column":18},"end":{"line":664,"column":39}},"loc":{"start":{"line":664,"column":52},"end":{"line":666,"column":3}},"line":664},"46":{"name":"cancelTrip","decl":{"start":{"line":671,"column":26},"end":{"line":671,"column":36}},"loc":{"start":{"line":671,"column":47},"end":{"line":693,"column":1}},"line":671}},"branchMap":{"0":{"loc":{"start":{"line":14,"column":46},"end":{"line":14,"column":94}},"type":"cond-expr","locations":[{"start":{"line":14,"column":70},"end":{"line":14,"column":73}},{"start":{"line":14,"column":76},"end":{"line":14,"column":94}}],"line":14},"1":{"loc":{"start":{"line":14,"column":46},"end":{"line":14,"column":67}},"type":"binary-expr","locations":[{"start":{"line":14,"column":46},"end":{"line":14,"column":49}},{"start":{"line":14,"column":53},"end":{"line":14,"column":67}}],"line":14},"2":{"loc":{"start":{"line":16,"column":176},"end":{"line":16,"column":263}},"type":"if","locations":[{"start":{"line":16,"column":176},"end":{"line":16,"column":263}},{"start":{"line":16,"column":176},"end":{"line":16,"column":263}}],"line":16},"3":{"loc":{"start":{"line":29,"column":8},"end":{"line":53,"column":9}},"type":"switch","locations":[{"start":{"line":30,"column":10},"end":{"line":33,"column":93}},{"start":{"line":35,"column":10},"end":{"line":37,"column":66}},{"start":{"line":39,"column":10},"end":{"line":48,"column":45}},{"start":{"line":50,"column":10},"end":{"line":50,"column":18}},{"start":{"line":51,"column":10},"end":{"line":52,"column":35}}],"line":29},"4":{"loc":{"start":{"line":72,"column":8},"end":{"line":120,"column":9}},"type":"switch","locations":[{"start":{"line":73,"column":10},"end":{"line":78,"column":70}},{"start":{"line":80,"column":10},"end":{"line":93,"column":46}},{"start":{"line":95,"column":10},"end":{"line":101,"column":46}},{"start":{"line":103,"column":10},"end":{"line":104,"column":46}},{"start":{"line":106,"column":10},"end":{"line":115,"column":46}},{"start":{"line":117,"column":10},"end":{"line":117,"column":18}},{"start":{"line":118,"column":10},"end":{"line":119,"column":36}}],"line":72},"5":{"loc":{"start":{"line":83,"column":12},"end":{"line":86,"column":13}},"type":"if","locations":[{"start":{"line":83,"column":12},"end":{"line":86,"column":13}},{"start":{"line":83,"column":12},"end":{"line":86,"column":13}}],"line":83},"6":{"loc":{"start":{"line":138,"column":2},"end":{"line":147,"column":3}},"type":"if","locations":[{"start":{"line":138,"column":2},"end":{"line":147,"column":3}},{"start":{"line":138,"column":2},"end":{"line":147,"column":3}}],"line":138},"7":{"loc":{"start":{"line":159,"column":8},"end":{"line":216,"column":9}},"type":"switch","locations":[{"start":{"line":160,"column":10},"end":{"line":163,"column":104}},{"start":{"line":165,"column":10},"end":{"line":178,"column":46}},{"start":{"line":180,"column":10},"end":{"line":193,"column":46}},{"start":{"line":195,"column":10},"end":{"line":196,"column":42}},{"start":{"line":198,"column":10},"end":{"line":200,"column":18}},{"start":{"line":202,"column":10},"end":{"line":211,"column":46}},{"start":{"line":213,"column":10},"end":{"line":213,"column":18}},{"start":{"line":214,"column":10},"end":{"line":215,"column":36}}],"line":159},"8":{"loc":{"start":{"line":168,"column":12},"end":{"line":171,"column":13}},"type":"if","locations":[{"start":{"line":168,"column":12},"end":{"line":171,"column":13}},{"start":{"line":168,"column":12},"end":{"line":171,"column":13}}],"line":168},"9":{"loc":{"start":{"line":183,"column":12},"end":{"line":186,"column":13}},"type":"if","locations":[{"start":{"line":183,"column":12},"end":{"line":186,"column":13}},{"start":{"line":183,"column":12},"end":{"line":186,"column":13}}],"line":183},"10":{"loc":{"start":{"line":229,"column":2},"end":{"line":239,"column":3}},"type":"if","locations":[{"start":{"line":229,"column":2},"end":{"line":239,"column":3}},{"start":{"line":229,"column":2},"end":{"line":239,"column":3}}],"line":229},"11":{"loc":{"start":{"line":229,"column":6},"end":{"line":229,"column":38}},"type":"binary-expr","locations":[{"start":{"line":229,"column":6},"end":{"line":229,"column":17}},{"start":{"line":229,"column":21},"end":{"line":229,"column":38}}],"line":229},"12":{"loc":{"start":{"line":230,"column":4},"end":{"line":230,"column":62}},"type":"if","locations":[{"start":{"line":230,"column":4},"end":{"line":230,"column":62}},{"start":{"line":230,"column":4},"end":{"line":230,"column":62}}],"line":230},"13":{"loc":{"start":{"line":253,"column":8},"end":{"line":298,"column":9}},"type":"switch","locations":[{"start":{"line":254,"column":10},"end":{"line":257,"column":112}},{"start":{"line":259,"column":10},"end":{"line":272,"column":46}},{"start":{"line":274,"column":10},"end":{"line":278,"column":15}},{"start":{"line":280,"column":10},"end":{"line":282,"column":18}},{"start":{"line":284,"column":10},"end":{"line":293,"column":46}},{"start":{"line":295,"column":10},"end":{"line":295,"column":18}},{"start":{"line":296,"column":10},"end":{"line":297,"column":36}}],"line":253},"14":{"loc":{"start":{"line":262,"column":12},"end":{"line":265,"column":13}},"type":"if","locations":[{"start":{"line":262,"column":12},"end":{"line":265,"column":13}},{"start":{"line":262,"column":12},"end":{"line":265,"column":13}}],"line":262},"15":{"loc":{"start":{"line":317,"column":8},"end":{"line":361,"column":9}},"type":"switch","locations":[{"start":{"line":318,"column":10},"end":{"line":321,"column":122}},{"start":{"line":323,"column":10},"end":{"line":336,"column":46}},{"start":{"line":338,"column":10},"end":{"line":342,"column":15}},{"start":{"line":344,"column":10},"end":{"line":345,"column":46}},{"start":{"line":347,"column":10},"end":{"line":356,"column":46}},{"start":{"line":358,"column":10},"end":{"line":358,"column":18}},{"start":{"line":359,"column":10},"end":{"line":360,"column":36}}],"line":317},"16":{"loc":{"start":{"line":326,"column":12},"end":{"line":329,"column":13}},"type":"if","locations":[{"start":{"line":326,"column":12},"end":{"line":329,"column":13}},{"start":{"line":326,"column":12},"end":{"line":329,"column":13}}],"line":326},"17":{"loc":{"start":{"line":380,"column":8},"end":{"line":424,"column":9}},"type":"switch","locations":[{"start":{"line":381,"column":10},"end":{"line":384,"column":66}},{"start":{"line":386,"column":10},"end":{"line":399,"column":46}},{"start":{"line":401,"column":10},"end":{"line":405,"column":15}},{"start":{"line":407,"column":10},"end":{"line":408,"column":46}},{"start":{"line":410,"column":10},"end":{"line":419,"column":46}},{"start":{"line":421,"column":10},"end":{"line":421,"column":18}},{"start":{"line":422,"column":10},"end":{"line":423,"column":36}}],"line":380},"18":{"loc":{"start":{"line":389,"column":12},"end":{"line":392,"column":13}},"type":"if","locations":[{"start":{"line":389,"column":12},"end":{"line":392,"column":13}},{"start":{"line":389,"column":12},"end":{"line":392,"column":13}}],"line":389},"19":{"loc":{"start":{"line":443,"column":8},"end":{"line":494,"column":9}},"type":"switch","locations":[{"start":{"line":444,"column":10},"end":{"line":447,"column":104}},{"start":{"line":449,"column":10},"end":{"line":466,"column":18}},{"start":{"line":468,"column":10},"end":{"line":474,"column":46}},{"start":{"line":476,"column":10},"end":{"line":478,"column":18}},{"start":{"line":480,"column":10},"end":{"line":489,"column":46}},{"start":{"line":491,"column":10},"end":{"line":491,"column":18}},{"start":{"line":492,"column":10},"end":{"line":493,"column":36}}],"line":443},"20":{"loc":{"start":{"line":452,"column":12},"end":{"line":455,"column":13}},"type":"if","locations":[{"start":{"line":452,"column":12},"end":{"line":455,"column":13}},{"start":{"line":452,"column":12},"end":{"line":455,"column":13}}],"line":452},"21":{"loc":{"start":{"line":457,"column":12},"end":{"line":463,"column":13}},"type":"if","locations":[{"start":{"line":457,"column":12},"end":{"line":463,"column":13}},{"start":{"line":457,"column":12},"end":{"line":463,"column":13}}],"line":457},"22":{"loc":{"start":{"line":459,"column":19},"end":{"line":463,"column":13}},"type":"if","locations":[{"start":{"line":459,"column":19},"end":{"line":463,"column":13}},{"start":{"line":459,"column":19},"end":{"line":463,"column":13}}],"line":459},"23":{"loc":{"start":{"line":507,"column":2},"end":{"line":516,"column":3}},"type":"if","locations":[{"start":{"line":507,"column":2},"end":{"line":516,"column":3}},{"start":{"line":507,"column":2},"end":{"line":516,"column":3}}],"line":507},"24":{"loc":{"start":{"line":507,"column":6},"end":{"line":507,"column":38}},"type":"binary-expr","locations":[{"start":{"line":507,"column":6},"end":{"line":507,"column":17}},{"start":{"line":507,"column":21},"end":{"line":507,"column":38}}],"line":507},"25":{"loc":{"start":{"line":532,"column":8},"end":{"line":583,"column":9}},"type":"switch","locations":[{"start":{"line":533,"column":10},"end":{"line":538,"column":70}},{"start":{"line":540,"column":10},"end":{"line":553,"column":46}},{"start":{"line":555,"column":10},"end":{"line":563,"column":46}},{"start":{"line":565,"column":10},"end":{"line":567,"column":18}},{"start":{"line":569,"column":10},"end":{"line":578,"column":46}},{"start":{"line":580,"column":10},"end":{"line":580,"column":18}},{"start":{"line":581,"column":10},"end":{"line":582,"column":36}}],"line":532},"26":{"loc":{"start":{"line":543,"column":12},"end":{"line":546,"column":13}},"type":"if","locations":[{"start":{"line":543,"column":12},"end":{"line":546,"column":13}},{"start":{"line":543,"column":12},"end":{"line":546,"column":13}}],"line":543},"27":{"loc":{"start":{"line":602,"column":8},"end":{"line":659,"column":9}},"type":"switch","locations":[{"start":{"line":603,"column":10},"end":{"line":606,"column":104}},{"start":{"line":608,"column":10},"end":{"line":621,"column":46}},{"start":{"line":623,"column":10},"end":{"line":636,"column":46}},{"start":{"line":638,"column":10},"end":{"line":639,"column":42}},{"start":{"line":641,"column":10},"end":{"line":643,"column":18}},{"start":{"line":645,"column":10},"end":{"line":654,"column":46}},{"start":{"line":656,"column":10},"end":{"line":656,"column":18}},{"start":{"line":657,"column":10},"end":{"line":658,"column":36}}],"line":602},"28":{"loc":{"start":{"line":611,"column":12},"end":{"line":614,"column":13}},"type":"if","locations":[{"start":{"line":611,"column":12},"end":{"line":614,"column":13}},{"start":{"line":611,"column":12},"end":{"line":614,"column":13}}],"line":611},"29":{"loc":{"start":{"line":626,"column":12},"end":{"line":629,"column":13}},"type":"if","locations":[{"start":{"line":626,"column":12},"end":{"line":629,"column":13}},{"start":{"line":626,"column":12},"end":{"line":629,"column":13}}],"line":626},"30":{"loc":{"start":{"line":674,"column":2},"end":{"line":692,"column":3}},"type":"if","locations":[{"start":{"line":674,"column":2},"end":{"line":692,"column":3}},{"start":{"line":674,"column":2},"end":{"line":692,"column":3}}],"line":674},"31":{"loc":{"start":{"line":674,"column":6},"end":{"line":674,"column":38}},"type":"binary-expr","locations":[{"start":{"line":674,"column":6},"end":{"line":674,"column":17}},{"start":{"line":674,"column":21},"end":{"line":674,"column":38}}],"line":674},"32":{"loc":{"start":{"line":675,"column":4},"end":{"line":684,"column":5}},"type":"if","locations":[{"start":{"line":675,"column":4},"end":{"line":684,"column":5}},{"start":{"line":675,"column":4},"end":{"line":684,"column":5}}],"line":675}},"s":{"0":1,"1":1,"2":1,"3":1,"4":1,"5":2,"6":0,"7":0,"8":0,"9":0,"10":0,"11":0,"12":0,"13":0,"14":9,"15":0,"16":0,"17":0,"18":0,"19":0,"20":0,"21":0,"22":1,"23":1,"24":0,"25":0,"26":0,"27":0,"28":0,"29":0,"30":0,"31":0,"32":0,"33":0,"34":0,"35":0,"36":0,"37":1,"38":0,"39":1,"40":1,"41":0,"42":0,"43":0,"44":0,"45":0,"46":0,"47":0,"48":0,"49":0,"50":0,"51":0,"52":0,"53":0,"54":0,"55":0,"56":0,"57":0,"58":0,"59":0,"60":0,"61":0,"62":0,"63":1,"64":0,"65":1,"66":0,"67":0,"68":0,"69":0,"70":0,"71":0,"72":0,"73":0,"74":0,"75":0,"76":1,"77":1,"78":0,"79":0,"80":0,"81":0,"82":0,"83":0,"84":0,"85":0,"86":0,"87":0,"88":0,"89":0,"90":0,"91":0,"92":0,"93":0,"94":0,"95":0,"96":0,"97":0,"98":0,"99":0,"100":0,"101":0,"102":0,"103":0,"104":1,"105":0,"106":1,"107":0,"108":0,"109":0,"110":0,"111":0,"112":0,"113":1,"114":1,"115":1,"116":0,"117":0,"118":0,"119":0,"120":0,"121":0,"122":0,"123":0,"124":0,"125":0,"126":0,"127":0,"128":0,"129":0,"130":0,"131":0,"132":0,"133":0,"134":0,"135":0,"136":1,"137":0,"138":1,"139":1,"140":0,"141":0,"142":0,"143":0,"144":0,"145":0,"146":0,"147":0,"148":0,"149":0,"150":0,"151":0,"152":0,"153":0,"154":0,"155":0,"156":0,"157":0,"158":0,"159":1,"160":0,"161":1,"162":1,"163":0,"164":0,"165":0,"166":0,"167":0,"168":0,"169":0,"170":0,"171":0,"172":0,"173":0,"174":0,"175":0,"176":0,"177":0,"178":0,"179":0,"180":0,"181":0,"182":1,"183":0,"184":1,"185":1,"186":0,"187":0,"188":0,"189":0,"190":0,"191":0,"192":0,"193":0,"194":0,"195":0,"196":0,"197":0,"198":0,"199":0,"200":0,"201":0,"202":0,"203":0,"204":0,"205":0,"206":0,"207":0,"208":0,"209":0,"210":0,"211":0,"212":1,"213":0,"214":1,"215":0,"216":0,"217":0,"218":0,"219":0,"220":1,"221":1,"222":1,"223":0,"224":0,"225":0,"226":0,"227":0,"228":0,"229":0,"230":0,"231":0,"232":0,"233":0,"234":0,"235":0,"236":0,"237":0,"238":0,"239":0,"240":0,"241":0,"242":0,"243":0,"244":0,"245":0,"246":1,"247":0,"248":1,"249":1,"250":0,"251":0,"252":0,"253":0,"254":0,"255":0,"256":0,"257":0,"258":0,"259":0,"260":0,"261":0,"262":0,"263":0,"264":0,"265":0,"266":0,"267":0,"268":0,"269":0,"270":0,"271":0,"272":0,"273":0,"274":0,"275":0,"276":1,"277":0,"278":1,"279":0,"280":0,"281":0,"282":0,"283":0,"284":0,"285":0,"286":1},"f":{"0":2,"1":0,"2":9,"3":0,"4":0,"5":0,"6":0,"7":1,"8":0,"9":0,"10":0,"11":1,"12":0,"13":0,"14":0,"15":0,"16":1,"17":0,"18":0,"19":0,"20":0,"21":1,"22":0,"23":0,"24":0,"25":1,"26":0,"27":0,"28":0,"29":1,"30":0,"31":0,"32":0,"33":1,"34":0,"35":0,"36":0,"37":0,"38":1,"39":0,"40":0,"41":0,"42":1,"43":0,"44":0,"45":0,"46":0},"b":{"0":[2,0],"1":[2,2],"2":[0,0],"3":[0,0,0,0,0],"4":[0,0,0,0,0,0,0],"5":[0,0],"6":[0,0],"7":[0,0,0,0,0,0,0,0],"8":[0,0],"9":[0,0],"10":[0,0],"11":[0,0],"12":[0,0],"13":[0,0,0,0,0,0,0],"14":[0,0],"15":[0,0,0,0,0,0,0],"16":[0,0],"17":[0,0,0,0,0,0,0],"18":[0,0],"19":[0,0,0,0,0,0,0],"20":[0,0],"21":[0,0],"22":[0,0],"23":[0,0],"24":[0,0],"25":[0,0,0,0,0,0,0],"26":[0,0],"27":[0,0,0,0,0,0,0,0],"28":[0,0],"29":[0,0],"30":[0,0],"31":[0,0],"32":[0,0]},"_coverageSchema":"43e27e138ebf9cfc5966b082cf9a028302ed4184","hash":"b8ce1051a773ed7d4207bb4398d896d33bbdd875","contentHash":"e22d8f3b178fe2c4aadf3433a11a0c740a0644483cad11dd9cc744d1d6bca803"},"C:\\Users\\owner\\WayFarer-API\\server\\controllers\\bookings.js":{"path":"C:\\Users\\owner\\WayFarer-API\\server\\controllers\\bookings.js","statementMap":{"0":{"start":{"line":3,"column":0},"end":{"line":5,"column":3}},"1":{"start":{"line":6,"column":0},"end":{"line":6,"column":99}},"2":{"start":{"line":8,"column":0},"end":{"line":8,"column":27}},"3":{"start":{"line":10,"column":15},"end":{"line":10,"column":59}},"4":{"start":{"line":12,"column":13},"end":{"line":12,"column":63}},"5":{"start":{"line":14,"column":39},"end":{"line":14,"column":95}},"6":
[...]
4}},"loc":{"start":{"line":697,"column":67},"end":{"line":743,"column":5}},"line":697},"49":{"name":"authUserAndChangeSeat","decl":{"start":{"line":746,"column":18},"end":{"line":746,"column":39}},"loc":{"start":{"line":746,"column":52},"end":{"line":748,"column":3}},"line":746},"50":{"name":"changeSeat","decl":{"start":{"line":753,"column":26},"end":{"line":753,"column":36}},"loc":{"start":{"line":753,"column":47},"end":{"line":775,"column":1}},"line":753}},"branchMap":{"0":{"loc":{"start":{"line":14,"column":46},"end":{"line":14,"column":94}},"type":"cond-expr","locations":[{"start":{"line":14,"column":70},"end":{"line":14,"column":73}},{"start":{"line":14,"column":76},"end":{"line":14,"column":94}}],"line":14},"1":{"loc":{"start":{"line":14,"column":46},"end":{"line":14,"column":67}},"type":"binary-expr","locations":[{"start":{"line":14,"column":46},"end":{"line":14,"column":49}},{"start":{"line":14,"column":53},"end":{"line":14,"column":67}}],"line":14},"2":{"loc":{"start":{"line":16,"column":176},"end":{"line":16,"column":263}},"type":"if","locations":[{"start":{"line":16,"column":176},"end":{"line":16,"column":263}},{"start":{"line":16,"column":176},"end":{"line":16,"column":263}}],"line":16},"3":{"loc":{"start":{"line":29,"column":8},"end":{"line":78,"column":9}},"type":"switch","locations":[{"start":{"line":30,"column":10},"end":{"line":35,"column":76}},{"start":{"line":37,"column":10},"end":{"line":50,"column":45}},{"start":{"line":52,"column":10},"end":{"line":58,"column":45}},{"start":{"line":60,"column":10},"end":{"line":62,"column":18}},{"start":{"line":64,"column":10},"end":{"line":73,"column":45}},{"start":{"line":75,"column":10},"end":{"line":75,"column":18}},{"start":{"line":76,"column":10},"end":{"line":77,"column":35}}],"line":29},"4":{"loc":{"start":{"line":40,"column":12},"end":{"line":43,"column":13}},"type":"if","locations":[{"start":{"line":40,"column":12},"end":{"line":43,"column":13}},{"start":{"line":40,"column":12},"end":{"line":43,"column":13}}],"line":40},"5":{"loc":{"start":{"line":97,"column":8},"end":{"line":144,"column":9}},"type":"switch","locations":[{"start":{"line":98,"column":10},"end":{"line":106,"column":79}},{"start":{"line":108,"column":10},"end":{"line":121,"column":46}},{"start":{"line":123,"column":10},"end":{"line":124,"column":48}},{"start":{"line":126,"column":10},"end":{"line":128,"column":18}},{"start":{"line":130,"column":10},"end":{"line":139,"column":46}},{"start":{"line":141,"column":10},"end":{"line":141,"column":18}},{"start":{"line":142,"column":10},"end":{"line":143,"column":36}}],"line":97},"6":{"loc":{"start":{"line":111,"column":12},"end":{"line":114,"column":13}},"type":"if","locations":[{"start":{"line":111,"column":12},"end":{"line":114,"column":13}},{"start":{"line":111,"column":12},"end":{"line":114,"column":13}}],"line":111},"7":{"loc":{"start":{"line":163,"column":8},"end":{"line":207,"column":9}},"type":"switch","locations":[{"start":{"line":164,"column":10},"end":{"line":169,"column":57}},{"start":{"line":171,"column":10},"end":{"line":184,"column":46}},{"start":{"line":186,"column":10},"end":{"line":187,"column":43}},{"start":{"line":189,"column":10},"end":{"line":191,"column":18}},{"start":{"line":193,"column":10},"end":{"line":202,"column":46}},{"start":{"line":204,"column":10},"end":{"line":204,"column":18}},{"start":{"line":205,"column":10},"end":{"line":206,"column":36}}],"line":163},"8":{"loc":{"start":{"line":174,"column":12},"end":{"line":177,"column":13}},"type":"if","locations":[{"start":{"line":174,"column":12},"end":{"line":177,"column":13}},{"start":{"line":174,"column":12},"end":{"line":177,"column":13}}],"line":174},"9":{"loc":{"start":{"line":220,"column":2},"end":{"line":237,"column":3}},"type":"if","locations":[{"start":{"line":220,"column":2},"end":{"line":237,"column":3}},{"start":{"line":220,"column":2},"end":{"line":237,"column":3}}],"line":220},"10":{"loc":{"start":{"line":220,"column":6},"end":{"line":220,"column":38}},"type":"binary-expr","locations":[{"start":{"line":220,"column":6},"end":{"line":220,"column":17}},{"start":{"line":220,"column":21},"end":{"line":220,"column":38}}],"line":220},"11":{"loc":{"start":{"line":221,"column":4},"end":{"line":221,"column":62}},"type":"if","locations":[{"start":{"line":221,"column":4},"end":{"line":221,"column":62}},{"start":{"line":221,"column":4},"end":{"line":221,"column":62}}],"line":221},"12":{"loc":{"start":{"line":223,"column":9},"end":{"line":237,"column":3}},"type":"if","locations":[{"start":{"line":223,"column":9},"end":{"line":237,"column":3}},{"start":{"line":223,"column":9},"end":{"line":237,"column":3}}],"line":223},"13":{"loc":{"start":{"line":223,"column":13},"end":{"line":223,"column":47}},"type":"binary-expr","locations":[{"start":{"line":223,"column":13},"end":{"line":223,"column":25}},{"start":{"line":223,"column":29},"end":{"line":223,"column":47}}],"line":223},"14":{"loc":{"start":{"line":251,"column":8},"end":{"line":299,"column":9}},"type":"switch","locations":[{"start":{"line":252,"column":10},"end":{"line":257,"column":78}},{"start":{"line":259,"column":10},"end":{"line":272,"column":46}},{"start":{"line":274,"column":10},"end":{"line":280,"column":46}},{"start":{"line":282,"column":10},"end":{"line":283,"column":46}},{"start":{"line":285,"column":10},"end":{"line":294,"column":46}},{"start":{"line":296,"column":10},"end":{"line":296,"column":18}},{"start":{"line":297,"column":10},"end":{"line":298,"column":36}}],"line":251},"15":{"loc":{"start":{"line":262,"column":12},"end":{"line":265,"column":13}},"type":"if","locations":[{"start":{"line":262,"column":12},"end":{"line":265,"column":13}},{"start":{"line":262,"column":12},"end":{"line":265,"column":13}}],"line":262},"16":{"loc":{"start":{"line":318,"column":8},"end":{"line":364,"column":9}},"type":"switch","locations":[{"start":{"line":319,"column":10},"end":{"line":323,"column":68}},{"start":{"line":325,"column":10},"end":{"line":338,"column":46}},{"start":{"line":340,"column":10},"end":{"line":344,"column":15}},{"start":{"line":346,"column":10},"end":{"line":348,"column":18}},{"start":{"line":350,"column":10},"end":{"line":359,"column":46}},{"start":{"line":361,"column":10},"end":{"line":361,"column":18}},{"start":{"line":362,"column":10},"end":{"line":363,"column":36}}],"line":318},"17":{"loc":{"start":{"line":328,"column":12},"end":{"line":331,"column":13}},"type":"if","locations":[{"start":{"line":328,"column":12},"end":{"line":331,"column":13}},{"start":{"line":328,"column":12},"end":{"line":331,"column":13}}],"line":328},"18":{"loc":{"start":{"line":383,"column":8},"end":{"line":435,"column":9}},"type":"switch","locations":[{"start":{"line":384,"column":10},"end":{"line":389,"column":70}},{"start":{"line":391,"column":10},"end":{"line":404,"column":46}},{"start":{"line":406,"column":10},"end":{"line":415,"column":46}},{"start":{"line":417,"column":10},"end":{"line":419,"column":18}},{"start":{"line":421,"column":10},"end":{"line":430,"column":46}},{"start":{"line":432,"column":10},"end":{"line":432,"column":18}},{"start":{"line":433,"column":10},"end":{"line":434,"column":36}}],"line":383},"19":{"loc":{"start":{"line":394,"column":12},"end":{"line":397,"column":13}},"type":"if","locations":[{"start":{"line":394,"column":12},"end":{"line":397,"column":13}},{"start":{"line":394,"column":12},"end":{"line":397,"column":13}}],"line":394},"20":{"loc":{"start":{"line":409,"column":12},"end":{"line":413,"column":13}},"type":"if","locations":[{"start":{"line":409,"column":12},"end":{"line":413,"column":13}},{"start":{"line":409,"column":12},"end":{"line":413,"column":13}}],"line":409},"21":{"loc":{"start":{"line":450,"column":2},"end":{"line":459,"column":3}},"type":"if","locations":[{"start":{"line":450,"column":2},"end":{"line":459,"column":3}},{"start":{"line":450,"column":2},"end":{"line":459,"column":3}}],"line":450},"22":{"loc":{"start":{"line":450,"column":6},"end":{"line":450,"column":38}},"type":"binary-expr","locations":[{"start":{"line":450,"column":6},"end":{"line":450,"column":17}},{"start":{"line":450,"column":21},"end":{"line":450,"column":38}}],"line":450},"23":{"loc":{"start":{"line":452,"column":9},"end":{"line":459,"column":3}},"type":"if","locations":[{"start":{"line":452,"column":9},"end":{"line":459,"column":3}},{"start":{"line":452,"column":9},"end":{"line":459,"column":3}}],"line":452},"24":{"loc":{"start":{"line":452,"column":13},"end":{"line":452,"column":47}},"type":"binary-expr","locations":[{"start":{"line":452,"column":13},"end":{"line":452,"column":25}},{"start":{"line":452,"column":29},"end":{"line":452,"column":47}}],"line":452},"25":{"loc":{"start":{"line":473,"column":8},"end":{"line":524,"column":9}},"type":"switch","locations":[{"start":{"line":474,"column":10},"end":{"line":479,"column":76}},{"start":{"line":481,"column":10},"end":{"line":494,"column":46}},{"start":{"line":496,"column":10},"end":{"line":504,"column":46}},{"start":{"line":506,"column":10},"end":{"line":508,"column":18}},{"start":{"line":510,"column":10},"end":{"line":519,"column":46}},{"start":{"line":521,"column":10},"end":{"line":521,"column":18}},{"start":{"line":522,"column":10},"end":{"line":523,"column":36}}],"line":473},"26":{"loc":{"start":{"line":484,"column":12},"end":{"line":487,"column":13}},"type":"if","locations":[{"start":{"line":484,"column":12},"end":{"line":487,"column":13}},{"start":{"line":484,"column":12},"end":{"line":487,"column":13}}],"line":484},"27":{"loc":{"start":{"line":543,"column":8},"end":{"line":585,"column":9}},"type":"switch","locations":[{"start":{"line":544,"column":10},"end":{"line":547,"column":104}},{"start":{"line":549,"column":10},"end":{"line":562,"column":46}},{"start":{"line":564,"column":10},"end":{"line":565,"column":46}},{"start":{"line":567,"column":10},"end":{"line":569,"column":18}},{"start":{"line":571,"column":10},"end":{"line":580,"column":46}},{"start":{"line":582,"column":10},"end":{"line":582,"column":18}},{"start":{"line":583,"column":10},"end":{"line":584,"column":36}}],"line":543},"28":{"loc":{"start":{"line":552,"column":12},"end":{"line":555,"column":13}},"type":"if","locations":[{"start":{"line":552,"column":12},"end":{"line":555,"column":13}},{"start":{"line":552,"column":12},"end":{"line":555,"column":13}}],"line":552},"29":{"loc":{"start":{"line":598,"column":2},"end":{"line":616,"column":3}},"type":"if","locations":[{"start":{"line":598,"column":2},"end":{"line":616,"column":3}},{"start":{"line":598,"column":2},"end":{"line":616,"column":3}}],"line":598},"30":{"loc":{"start":{"line":598,"column":6},"end":{"line":598,"column":38}},"type":"binary-expr","locations":[{"start":{"line":598,"column":6},"end":{"line":598,"column":17}},{"start":{"line":598,"column":21},"end":{"line":598,"column":38}}],"line":598},"31":{"loc":{"start":{"line":599,"column":4},"end":{"line":608,"column":5}},"type":"if","locations":[{"start":{"line":599,"column":4},"end":{"line":608,"column":5}},{"start":{"line":599,"column":4},"end":{"line":608,"column":5}}],"line":599},"32":{"loc":{"start":{"line":630,"column":8},"end":{"line":680,"column":9}},"type":"switch","locations":[{"start":{"line":631,"column":10},"end":{"line":636,"column":73}},{"start":{"line":638,"column":10},"end":{"line":651,"column":46}},{"start":{"line":653,"column":10},"end":{"line":661,"column":46}},{"start":{"line":663,"column":10},"end":{"line":664,"column":46}},{"start":{"line":666,"column":10},"end":{"line":675,"column":46}},{"start":{"line":677,"column":10},"end":{"line":677,"column":18}},{"start":{"line":678,"column":10},"end":{"line":679,"column":36}}],"line":630},"33":{"loc":{"start":{"line":641,"column":12},"end":{"line":644,"column":13}},"type":"if","locations":[{"start":{"line":641,"column":12},"end":{"line":644,"column":13}},{"start":{"line":641,"column":12},"end":{"line":644,"column":13}}],"line":641},"34":{"loc":{"start":{"line":699,"column":8},"end":{"line":741,"column":9}},"type":"switch","locations":[{"start":{"line":700,"column":10},"end":{"line":703,"column":104}},{"start":{"line":705,"column":10},"end":{"line":718,"column":47}},{"start":{"line":720,"column":10},"end":{"line":721,"column":52}},{"start":{"line":723,"column":10},"end":{"line":725,"column":18}},{"start":{"line":727,"column":10},"end":{"line":736,"column":47}},{"start":{"line":738,"column":10},"end":{"line":738,"column":18}},{"start":{"line":739,"column":10},"end":{"line":740,"column":37}}],"line":699},"35":{"loc":{"start":{"line":708,"column":12},"end":{"line":711,"column":13}},"type":"if","locations":[{"start":{"line":708,"column":12},"end":{"line":711,"column":13}},{"start":{"line":708,"column":12},"end":{"line":711,"column":13}}],"line":708},"36":{"loc":{"start":{"line":754,"column":2},"end":{"line":774,"column":3}},"type":"if","locations":[{"start":{"line":754,"column":2},"end":{"line":774,"column":3}},{"start":{"line":754,"column":2},"end":{"line":774,"column":3}}],"line":754},"37":{"loc":{"start":{"line":754,"column":6},"end":{"line":754,"column":38}},"type":"binary-expr","locations":[{"start":{"line":754,"column":6},"end":{"line":754,"column":17}},{"start":{"line":754,"column":21},"end":{"line":754,"column":38}}],"line":754},"38":{"loc":{"start":{"line":755,"column":4},"end":{"line":755,"column":62}},"type":"if","locations":[{"start":{"line":755,"column":4},"end":{"line":755,"column":62}},{"start":{"line":755,"column":4},"end":{"line":755,"column":62}}],"line":755},"39":{"loc":{"start":{"line":757,"column":4},"end":{"line":766,"column":5}},"type":"if","locations":[{"start":{"line":757,"column":4},"end":{"line":766,"column":5}},{"start":{"line":757,"column":4},"end":{"line":766,"column":5}}],"line":757}},"s":{"0":1,"1":1,"2":1,"3":1,"4":1,"5":2,"6":9,"7":9,"8":9,"9":0,"10":0,"11":9,"12":4,"13":5,"14":10,"15":5,"16":5,"17":5,"18":5,"19":8,"20":1,"21":5,"22":1,"23":1,"24":0,"25":0,"26":0,"27":0,"28":0,"29":0,"30":0,"31":0,"32":0,"33":0,"34":0,"35":0,"36":0,"37":0,"38":0,"39":0,"40":0,"41":0,"42":0,"43":0,"44":0,"45":0,"46":0,"47":1,"48":0,"49":1,"50":1,"51":1,"52":3,"53":3,"54":1,"55":1,"56":1,"57":1,"58":1,"59":1,"60":1,"61":1,"62":0,"63":0,"64":0,"65":0,"66":0,"67":0,"68":0,"69":0,"70":0,"71":1,"72":1,"73":1,"74":1,"75":1,"76":1,"77":1,"78":1,"79":1,"80":1,"81":2,"82":4,"83":1,"84":1,"85":1,"86":1,"87":1,"88":1,"89":1,"90":1,"91":1,"92":0,"93":0,"94":1,"95":1,"96":1,"97":0,"98":0,"99":0,"100":0,"101":1,"102":1,"103":1,"104":1,"105":1,"106":1,"107":0,"108":1,"109":0,"110":0,"111":0,"112":0,"113":0,"114":1,"115":1,"116":1,"117":0,"118":0,"119":0,"120":0,"121":0,"122":0,"123":0,"124":0,"125":0,"126":0,"127":0,"128":0,"129":0,"130":0,"131":0,"132":0,"133":0,"134":0,"135":0,"136":0,"137":0,"138":0,"139":1,"140":0,"141":1,"142":1,"143":0,"144":0,"145":0,"146":0,"147":0,"148":0,"149":0,"150":0,"151":0,"152":0,"153":0,"154":0,"155":0,"156":0,"157":0,"158":0,"159":0,"160":0,"161":0,"162":0,"163":0,"164":1,"165":0,"166":1,"167":1,"168":0,"169":0,"170":0,"171":0,"172":0,"173":0,"174":0,"175":0,"176":0,"177":0,"178":0,"179":0,"180":0,"181":0,"182":0,"183":0,"184":0,"185":0,"186":0,"187":0,"188":0,"189":0,"190":0,"191":0,"192":0,"193":0,"194":1,"195":0,"196":1,"197":0,"198":0,"199":0,"200":0,"201":0,"202":1,"203":1,"204":1,"205":1,"206":3,"207":3,"208":1,"209":1,"210":1,"211":1,"212":1,"213":1,"214":1,"215":0,"216":0,"217":1,"218":1,"219":0,"220":0,"221":0,"222":0,"223":0,"224":0,"225":0,"226":0,"227":1,"228":1,"229":1,"230":1,"231":1,"232":1,"233":2,"234":4,"235":1,"236":1,"237":1,"238":1,"239":1,"240":1,"241":1,"242":0,"243":0,"244":1,"245":1,"246":1,"247":0,"248":0,"249":0,"250":0,"251":1,"252":1,"253":1,"254":1,"255":1,"256":1,"257":0,"258":0,"259":1,"260":0,"261":0,"262":1,"263":1,"264":1,"265":0,"266":0,"267":0,"268":0,"269":0,"270":0,"271":0,"272":0,"273":0,"274":0,"275":0,"276":0,"277":0,"278":0,"279":0,"280":0,"281":0,"282":0,"283":0,"284":0,"285":0,"286":0,"287":1,"288":0,"289":1,"290":1,"291":1,"292":1,"293":1,"294":1,"295":1,"296":1,"297":0,"298":0,"299":0,"300":0,"301":0,"302":0,"303":0,"304":0,"305":0,"306":0,"307":0,"308":0,"309":0,"310":0,"311":1,"312":1,"313":1,"314":1,"315":1,"316":0,"317":1,"318":0,"319":0,"320":1,"321":0,"322":0,"323":1},"f":{"0":2,"1":9,"2":10,"3":5,"4":5,"5":8,"6":1,"7":1,"8":0,"9":0,"10":0,"11":1,"12":1,"13":3,"14":1,"15":1,"16":1,"17":2,"18":1,"19":1,"20":1,"21":0,"22":0,"23":0,"24":1,"25":0,"26":0,"27":0,"28":1,"29":0,"30":0,"31":0,"32":0,"33":1,"34":1,"35":3,"36":1,"37":1,"38":1,"39":2,"40":1,"41":1,"42":1,"43":0,"44":0,"45":0,"46":1,"47":1,"48":1,"49":1,"50":1},"b":{"0":[2,0],"1":[2,2],"2":[4,5],"3":[0,0,0,0,0,0,0],"4":[0,0],"5":[1,0,0,0,1,0,1],"6":[0,0],"7":[1,1,1,1,0,1,1],"8":[1,0],"9":[1,0],"10":[1,1],"11":[0,1],"12":[0,0],"13":[0,0],"14":[0,0,0,0,0,0,0],"15":[0,0],"16":[0,0,0,0,0,0,0],"17":[0,0],"18":[0,0,0,0,0,0,0],"19":[0,0],"20":[0,0],"21":[0,0],"22":[0,0],"23":[0,0],"24":[0,0],"25":[1,1,0,0,0,0,1],"26":[0,1],"27":[1,1,1,1,0,1,1],"28":[1,0],"29":[1,0],"30":[1,1],"31":[0,1],"32":[0,0,0,0,0,0,0],"33":[0,0],"34":[1,0,0,0,0,0,0],"35":[0,0],"36":[1,0],"37":[1,1],"38":[0,1],"39":[0,1]},"_coverageSchema":"43e27e138ebf9cfc5966b082cf9a028302ed4184","hash":"c9b6132bfec695008c2ec27ec7c237d9a122e837","contentHash":"d408cfeabb79f1cf61f54a151abdc1cf57af638c37078aceb305f5ddadeac83c"},"C:\\Users\\owner\\WayFarer-API\\server\\controllers\\docs.js":{"path":"C:\\Users\\owner\\WayFarer-API\\server\\controllers\\docs.js","statementMap":{"0":{"start":{"line":3,"column":0},"end":{"line":5,"column":3}},"1":{"start":{"line":6,"column":0},"end":{"line":6,"column":23}},"2":{"start":{"line":8,"column":12},"end":{"line":10,"column":1}},"3":{"start":{"line":9,"column":2},"end":{"line":9,"column":81}},"4":{"start":{"line":12,"column":0},"end":{"line":12,"column":22}}},"fnMap":{"0":{"name":"docV1","decl":{"start":{"line":8,"column":21},"end":{"line":8,"column":26}},"loc":{"start":{"line":8,"column":37},"end":{"line":10,"column":1}},"line":8}},"branchMap":{},"s":{"0":1,"1":1,"2":1,"3":0,"4":1},"f":{"0":0},"b":{},"_coverageSchema":"43e27e138ebf9cfc5966b082cf9a028302ed4184","hash":"88385e7cc413057c228770f8de1736e2d2877be0","contentHash":"126a4f5bc8b9fa1449fbdbca9404992a996c3d7e2ca398db4b51b407d6a8f739"},"C:\\Users\\owner\\WayFarer-API\\server\\controllers\\middleware.js":{"path":"C:\\Users\\owner\\WayFarer-API\\server\\controllers\\middleware.js","statementMap":{"0":{"start":{"line":3,"column":0},"end":{"line":5,"column":3}},"1":{"start":{"line":6,"column":0},"end":{"line":6,"column":28}},"2":{"start":{"line":8,"column":0},"end":{"line":8,"column":27}},"3":{"start":{"line":10,"column":14},"end":{"line":10,"column":55}},"4":{"start":{"line":12,"column":18},"end":{"line":12,"column":64}},"5":{"start":{"line":14,"column":39},"end":{"line":14,"column":95}},"6":{"start":{"line":16,"column":0},"end":{"line":16,"column":28}},"7":{"start":{"line":18,"column":11},"end":{"line":21,"column":2}},"8":{"start":{"line":22,"column":15},"end":{"line":22,"column":19}},"9":{"start":{"line":23,"column":0},"end":{"line":23,"column":30}}},"fnMap":{"0":{"name":"_interopRequireDefault","decl":{"start":{"line":14,"column":9},"end":{"line":14,"column":31}},"loc":{"start":{"line":14,"column":37},"end":{"line":14,"column":97}},"line":14}},"branchMap":{"0":{"loc":{"start":{"line":14,"column":46},"end":{"line":14,"column":94}},"type":"cond-expr","locations":[{"start":{"line":14,"column":70},"end":{"line":14,"column":73}},{"start":{"line":14,"column":76},"end":{"line":14,"column":94}}],"line":14},"1":{"loc":{"start":{"line":14,"column":46},"end":{"line":14,"column":67}},"type":"binary-expr","locations":[{"start":{"line":14,"column":46},"end":{"line":14,"column":49}},{"start":{"line":14,"column":53},"end":{"line":14,"column":67}}],"line":14}},"s":{"0":1,"1":1,"2":1,"3":1,"4":1,"5":2,"6":1,"7":1,"8":1,"9":1},"f":{"0":2},"b":{"0":[0,2],"1":[2,2]},"_coverageSchema":"43e27e138ebf9cfc5966b082cf9a028302ed4184","hash":"dfdee9837fe3248d7d37c28a46116567b456b361","contentHash":"1235a5261aedea37f589df7ca10ad6a26a3b29ced564e9bba07e8cbe3d2bcae5"}}